mode: set
github.com/hlop3z/astroladb/internal/drift/drift.go:21.59,26.2 1 0
github.com/hlop3z/astroladb/internal/drift/drift.go:52.90,55.22 2 0
github.com/hlop3z/astroladb/internal/drift/drift.go:55.22,58.3 1 0
github.com/hlop3z/astroladb/internal/drift/drift.go:63.2,65.16 3 0
github.com/hlop3z/astroladb/internal/drift/drift.go:65.16,67.3 1 0
github.com/hlop3z/astroladb/internal/drift/drift.go:70.2,71.16 2 0
github.com/hlop3z/astroladb/internal/drift/drift.go:71.16,73.3 1 0
github.com/hlop3z/astroladb/internal/drift/drift.go:75.2,76.16 2 0
github.com/hlop3z/astroladb/internal/drift/drift.go:76.16,78.3 1 0
github.com/hlop3z/astroladb/internal/drift/drift.go:81.2,90.8 2 0
github.com/hlop3z/astroladb/internal/drift/drift.go:95.91,97.16 2 0
github.com/hlop3z/astroladb/internal/drift/drift.go:97.16,99.3 1 0
github.com/hlop3z/astroladb/internal/drift/drift.go:100.2,100.30 1 0
github.com/hlop3z/astroladb/internal/drift/drift.go:138.46,139.47 1 0
github.com/hlop3z/astroladb/internal/drift/drift.go:139.47,141.3 1 0
github.com/hlop3z/astroladb/internal/drift/drift.go:143.2,152.55 2 0
github.com/hlop3z/astroladb/internal/drift/drift.go:152.55,157.3 1 0
github.com/hlop3z/astroladb/internal/drift/drift.go:160.2,160.53 1 0
github.com/hlop3z/astroladb/internal/drift/drift.go:160.53,165.3 1 0
github.com/hlop3z/astroladb/internal/drift/drift.go:168.2,168.55 1 0
github.com/hlop3z/astroladb/internal/drift/drift.go:168.55,188.3 1 0
github.com/hlop3z/astroladb/internal/drift/drift.go:190.2,190.16 1 0
github.com/hlop3z/astroladb/internal/drift/merkle.go:41.55,44.2 2 1
github.com/hlop3z/astroladb/internal/drift/merkle.go:46.70,48.9 2 0
github.com/hlop3z/astroladb/internal/drift/merkle.go:48.9,50.3 1 0
github.com/hlop3z/astroladb/internal/drift/merkle.go:51.2,51.30 1 0
github.com/hlop3z/astroladb/internal/drift/merkle.go:56.68,57.46 1 1
github.com/hlop3z/astroladb/internal/drift/merkle.go:57.46,62.3 1 1
github.com/hlop3z/astroladb/internal/drift/merkle.go:64.2,72.34 4 1
github.com/hlop3z/astroladb/internal/drift/merkle.go:72.34,81.3 4 1
github.com/hlop3z/astroladb/internal/drift/merkle.go:84.2,84.29 1 1
github.com/hlop3z/astroladb/internal/drift/merkle.go:84.29,87.3 2 0
github.com/hlop3z/astroladb/internal/drift/merkle.go:89.2,90.16 2 1
github.com/hlop3z/astroladb/internal/drift/merkle.go:90.16,92.3 1 0
github.com/hlop3z/astroladb/internal/drift/merkle.go:94.2,95.20 2 1
github.com/hlop3z/astroladb/internal/drift/merkle.go:99.55,110.36 4 1
github.com/hlop3z/astroladb/internal/drift/merkle.go:110.36,112.3 1 1
github.com/hlop3z/astroladb/internal/drift/merkle.go:113.2,115.38 2 1
github.com/hlop3z/astroladb/internal/drift/merkle.go:115.38,120.3 4 1
github.com/hlop3z/astroladb/internal/drift/merkle.go:123.2,125.36 3 1
github.com/hlop3z/astroladb/internal/drift/merkle.go:125.36,127.3 1 1
github.com/hlop3z/astroladb/internal/drift/merkle.go:128.2,130.37 2 1
github.com/hlop3z/astroladb/internal/drift/merkle.go:130.37,132.35 2 1
github.com/hlop3z/astroladb/internal/drift/merkle.go:132.35,133.25 1 1
github.com/hlop3z/astroladb/internal/drift/merkle.go:133.25,135.10 2 1
github.com/hlop3z/astroladb/internal/drift/merkle.go:138.3,138.17 1 1
github.com/hlop3z/astroladb/internal/drift/merkle.go:138.17,142.4 3 1
github.com/hlop3z/astroladb/internal/drift/merkle.go:146.2,148.39 3 1
github.com/hlop3z/astroladb/internal/drift/merkle.go:148.39,150.3 1 0
github.com/hlop3z/astroladb/internal/drift/merkle.go:151.2,153.33 2 1
github.com/hlop3z/astroladb/internal/drift/merkle.go:153.33,155.39 2 0
github.com/hlop3z/astroladb/internal/drift/merkle.go:155.39,156.24 1 0
github.com/hlop3z/astroladb/internal/drift/merkle.go:156.24,158.10 2 0
github.com/hlop3z/astroladb/internal/drift/merkle.go:161.3,161.16 1 0
github.com/hlop3z/astroladb/internal/drift/merkle.go:161.16,165.4 3 0
github.com/hlop3z/astroladb/internal/drift/merkle.go:169.2,177.15 3 1
github.com/hlop3z/astroladb/internal/drift/merkle.go:181.51,193.20 2 1
github.com/hlop3z/astroladb/internal/drift/merkle.go:193.20,195.3 1 0
github.com/hlop3z/astroladb/internal/drift/merkle.go:196.2,196.29 1 1
github.com/hlop3z/astroladb/internal/drift/merkle.go:196.29,198.3 1 0
github.com/hlop3z/astroladb/internal/drift/merkle.go:200.2,200.25 1 1
github.com/hlop3z/astroladb/internal/drift/merkle.go:204.49,211.21 2 1
github.com/hlop3z/astroladb/internal/drift/merkle.go:211.21,213.3 1 0
github.com/hlop3z/astroladb/internal/drift/merkle.go:215.2,215.25 1 1
github.com/hlop3z/astroladb/internal/drift/merkle.go:219.50,230.2 2 0
github.com/hlop3z/astroladb/internal/drift/merkle.go:233.56,234.20 1 1
github.com/hlop3z/astroladb/internal/drift/merkle.go:234.20,236.3 1 1
github.com/hlop3z/astroladb/internal/drift/merkle.go:238.2,239.27 2 1
github.com/hlop3z/astroladb/internal/drift/merkle.go:239.27,241.3 1 1
github.com/hlop3z/astroladb/internal/drift/merkle.go:242.2,242.68 1 1
github.com/hlop3z/astroladb/internal/drift/merkle.go:246.34,249.2 2 1
github.com/hlop3z/astroladb/internal/drift/merkle.go:252.25,254.2 1 1
github.com/hlop3z/astroladb/internal/drift/merkle.go:257.66,267.18 2 1
github.com/hlop3z/astroladb/internal/drift/merkle.go:267.18,269.3 1 1
github.com/hlop3z/astroladb/internal/drift/merkle.go:272.2,272.36 1 1
github.com/hlop3z/astroladb/internal/drift/merkle.go:272.36,273.48 1 1
github.com/hlop3z/astroladb/internal/drift/merkle.go:273.48,275.4 1 1
github.com/hlop3z/astroladb/internal/drift/merkle.go:277.2,280.34 2 1
github.com/hlop3z/astroladb/internal/drift/merkle.go:280.34,281.50 1 1
github.com/hlop3z/astroladb/internal/drift/merkle.go:281.50,283.4 1 1
github.com/hlop3z/astroladb/internal/drift/merkle.go:285.2,288.51 2 1
github.com/hlop3z/astroladb/internal/drift/merkle.go:288.51,290.14 2 1
github.com/hlop3z/astroladb/internal/drift/merkle.go:290.14,291.12 1 1
github.com/hlop3z/astroladb/internal/drift/merkle.go:294.3,294.45 1 1
github.com/hlop3z/astroladb/internal/drift/merkle.go:294.45,297.4 2 1
github.com/hlop3z/astroladb/internal/drift/merkle.go:300.2,300.15 1 1
github.com/hlop3z/astroladb/internal/drift/merkle.go:328.43,338.2 1 1
github.com/hlop3z/astroladb/internal/drift/merkle.go:341.65,345.43 2 1
github.com/hlop3z/astroladb/internal/drift/merkle.go:345.43,347.14 2 1
github.com/hlop3z/astroladb/internal/drift/merkle.go:347.14,349.4 1 0
github.com/hlop3z/astroladb/internal/drift/merkle.go:349.9,349.32 1 1
github.com/hlop3z/astroladb/internal/drift/merkle.go:349.32,351.4 1 1
github.com/hlop3z/astroladb/internal/drift/merkle.go:353.2,353.35 1 1
github.com/hlop3z/astroladb/internal/drift/merkle.go:353.35,354.51 1 1
github.com/hlop3z/astroladb/internal/drift/merkle.go:354.51,356.4 1 0
github.com/hlop3z/astroladb/internal/drift/merkle.go:360.2,360.43 1 1
github.com/hlop3z/astroladb/internal/drift/merkle.go:360.43,362.14 2 0
github.com/hlop3z/astroladb/internal/drift/merkle.go:362.14,364.4 1 0
github.com/hlop3z/astroladb/internal/drift/merkle.go:364.9,364.32 1 0
github.com/hlop3z/astroladb/internal/drift/merkle.go:364.32,366.4 1 0
github.com/hlop3z/astroladb/internal/drift/merkle.go:368.2,368.35 1 1
github.com/hlop3z/astroladb/internal/drift/merkle.go:368.35,369.51 1 0
github.com/hlop3z/astroladb/internal/drift/merkle.go:369.51,371.4 1 0
github.com/hlop3z/astroladb/internal/drift/merkle.go:375.2,375.39 1 1
github.com/hlop3z/astroladb/internal/drift/merkle.go:375.39,377.14 2 0
github.com/hlop3z/astroladb/internal/drift/merkle.go:377.14,379.4 1 0
github.com/hlop3z/astroladb/internal/drift/merkle.go:379.9,379.32 1 0
github.com/hlop3z/astroladb/internal/drift/merkle.go:379.32,381.4 1 0
github.com/hlop3z/astroladb/internal/drift/merkle.go:383.2,383.31 1 1
github.com/hlop3z/astroladb/internal/drift/merkle.go:383.31,384.47 1 0
github.com/hlop3z/astroladb/internal/drift/merkle.go:384.47,386.4 1 0
github.com/hlop3z/astroladb/internal/drift/merkle.go:390.2,400.13 10 1
github.com/hlop3z/astroladb/internal/drift/messages.go:9.42,10.19 1 0
github.com/hlop3z/astroladb/internal/drift/messages.go:10.19,12.3 1 0
github.com/hlop3z/astroladb/internal/drift/messages.go:14.2,14.22 1 0
github.com/hlop3z/astroladb/internal/drift/messages.go:14.22,16.3 1 0
github.com/hlop3z/astroladb/internal/drift/messages.go:18.2,18.28 1 0
github.com/hlop3z/astroladb/internal/drift/messages.go:22.43,31.2 6 0
github.com/hlop3z/astroladb/internal/drift/messages.go:34.41,47.33 7 0
github.com/hlop3z/astroladb/internal/drift/messages.go:47.33,49.43 2 0
github.com/hlop3z/astroladb/internal/drift/messages.go:49.43,51.4 1 0
github.com/hlop3z/astroladb/internal/drift/messages.go:52.3,52.22 1 0
github.com/hlop3z/astroladb/internal/drift/messages.go:56.2,56.31 1 0
github.com/hlop3z/astroladb/internal/drift/messages.go:56.31,58.41 2 0
github.com/hlop3z/astroladb/internal/drift/messages.go:58.41,60.4 1 0
github.com/hlop3z/astroladb/internal/drift/messages.go:61.3,61.22 1 0
github.com/hlop3z/astroladb/internal/drift/messages.go:65.2,65.30 1 0
github.com/hlop3z/astroladb/internal/drift/messages.go:65.30,67.43 2 0
github.com/hlop3z/astroladb/internal/drift/messages.go:67.43,70.4 2 0
github.com/hlop3z/astroladb/internal/drift/messages.go:74.2,78.19 4 0
github.com/hlop3z/astroladb/internal/drift/messages.go:82.74,84.34 1 0
github.com/hlop3z/astroladb/internal/drift/messages.go:84.34,86.43 2 0
github.com/hlop3z/astroladb/internal/drift/messages.go:86.43,88.4 1 0
github.com/hlop3z/astroladb/internal/drift/messages.go:90.2,90.32 1 0
github.com/hlop3z/astroladb/internal/drift/messages.go:90.32,92.41 2 0
github.com/hlop3z/astroladb/internal/drift/messages.go:92.41,94.4 1 0
github.com/hlop3z/astroladb/internal/drift/messages.go:96.2,96.35 1 0
github.com/hlop3z/astroladb/internal/drift/messages.go:96.35,98.44 2 0
github.com/hlop3z/astroladb/internal/drift/messages.go:98.44,100.4 1 0
github.com/hlop3z/astroladb/internal/drift/messages.go:104.2,104.34 1 0
github.com/hlop3z/astroladb/internal/drift/messages.go:104.34,106.43 2 0
github.com/hlop3z/astroladb/internal/drift/messages.go:106.43,108.4 1 0
github.com/hlop3z/astroladb/internal/drift/messages.go:110.2,110.32 1 0
github.com/hlop3z/astroladb/internal/drift/messages.go:110.32,112.41 2 0
github.com/hlop3z/astroladb/internal/drift/messages.go:112.41,114.4 1 0
github.com/hlop3z/astroladb/internal/drift/messages.go:116.2,116.35 1 0
github.com/hlop3z/astroladb/internal/drift/messages.go:116.35,118.44 2 0
github.com/hlop3z/astroladb/internal/drift/messages.go:118.44,120.4 1 0
github.com/hlop3z/astroladb/internal/drift/messages.go:124.2,124.30 1 0
github.com/hlop3z/astroladb/internal/drift/messages.go:124.30,126.38 2 0
github.com/hlop3z/astroladb/internal/drift/messages.go:126.38,128.4 1 0
github.com/hlop3z/astroladb/internal/drift/messages.go:130.2,130.28 1 0
github.com/hlop3z/astroladb/internal/drift/messages.go:130.28,132.36 2 0
github.com/hlop3z/astroladb/internal/drift/messages.go:132.36,134.4 1 0
github.com/hlop3z/astroladb/internal/drift/messages.go:136.2,136.31 1 0
github.com/hlop3z/astroladb/internal/drift/messages.go:136.31,138.39 2 0
github.com/hlop3z/astroladb/internal/drift/messages.go:138.39,140.4 1 0
github.com/hlop3z/astroladb/internal/drift/messages.go:145.50,146.20 1 0
github.com/hlop3z/astroladb/internal/drift/messages.go:146.20,148.3 1 0
github.com/hlop3z/astroladb/internal/drift/messages.go:150.2,151.16 2 0
github.com/hlop3z/astroladb/internal/drift/messages.go:151.16,153.3 1 0
github.com/hlop3z/astroladb/internal/drift/messages.go:155.2,156.31 2 0
github.com/hlop3z/astroladb/internal/drift/messages.go:156.31,158.3 1 0
github.com/hlop3z/astroladb/internal/drift/messages.go:159.2,159.29 1 0
github.com/hlop3z/astroladb/internal/drift/messages.go:159.29,161.3 1 0
github.com/hlop3z/astroladb/internal/drift/messages.go:162.2,162.32 1 0
github.com/hlop3z/astroladb/internal/drift/messages.go:162.32,164.3 1 0
github.com/hlop3z/astroladb/internal/drift/messages.go:166.2,166.69 1 0
github.com/hlop3z/astroladb/internal/drift/messages.go:170.79,171.15 1 0
github.com/hlop3z/astroladb/internal/drift/messages.go:171.15,173.3 1 0
github.com/hlop3z/astroladb/internal/drift/messages.go:174.2,175.56 1 0
github.com/hlop3z/astroladb/internal/drift/messages.go:179.39,180.21 1 0
github.com/hlop3z/astroladb/internal/drift/messages.go:180.21,182.3 1 0
github.com/hlop3z/astroladb/internal/drift/messages.go:183.2,183.18 1 0
github.com/hlop3z/astroladb/internal/introspect/base.go:56.126,60.16 3 0
github.com/hlop3z/astroladb/internal/introspect/base.go:60.16,62.3 1 0
github.com/hlop3z/astroladb/internal/introspect/base.go:64.2,64.35 1 0
github.com/hlop3z/astroladb/internal/introspect/base.go:64.35,65.33 1 0
github.com/hlop3z/astroladb/internal/introspect/base.go:65.33,66.12 1 0
github.com/hlop3z/astroladb/internal/introspect/base.go:69.3,70.17 2 0
github.com/hlop3z/astroladb/internal/introspect/base.go:70.17,72.4 1 0
github.com/hlop3z/astroladb/internal/introspect/base.go:73.3,73.22 1 0
github.com/hlop3z/astroladb/internal/introspect/base.go:73.22,75.4 1 0
github.com/hlop3z/astroladb/internal/introspect/base.go:78.2,78.20 1 0
github.com/hlop3z/astroladb/internal/introspect/base.go:84.174,88.16 3 0
github.com/hlop3z/astroladb/internal/introspect/base.go:88.16,90.3 1 0
github.com/hlop3z/astroladb/internal/introspect/base.go:92.2,92.35 1 0
github.com/hlop3z/astroladb/internal/introspect/base.go:92.35,93.33 1 0
github.com/hlop3z/astroladb/internal/introspect/base.go:93.33,94.12 1 0
github.com/hlop3z/astroladb/internal/introspect/base.go:97.3,98.17 2 0
github.com/hlop3z/astroladb/internal/introspect/base.go:98.17,100.4 1 0
github.com/hlop3z/astroladb/internal/introspect/base.go:101.3,101.22 1 0
github.com/hlop3z/astroladb/internal/introspect/base.go:101.22,103.4 1 0
github.com/hlop3z/astroladb/internal/introspect/base.go:106.2,106.20 1 0
github.com/hlop3z/astroladb/internal/introspect/base.go:116.26,118.2 1 0
github.com/hlop3z/astroladb/internal/introspect/base.go:128.26,132.16 3 0
github.com/hlop3z/astroladb/internal/introspect/base.go:132.16,134.3 1 0
github.com/hlop3z/astroladb/internal/introspect/base.go:136.2,136.23 1 0
github.com/hlop3z/astroladb/internal/introspect/base.go:136.23,138.3 1 0
github.com/hlop3z/astroladb/internal/introspect/base.go:140.2,141.16 2 0
github.com/hlop3z/astroladb/internal/introspect/base.go:141.16,143.3 1 0
github.com/hlop3z/astroladb/internal/introspect/base.go:145.2,146.16 2 0
github.com/hlop3z/astroladb/internal/introspect/base.go:146.16,148.3 1 0
github.com/hlop3z/astroladb/internal/introspect/base.go:154.2,162.8 2 0
github.com/hlop3z/astroladb/internal/introspect/base.go:169.111,172.30 2 1
github.com/hlop3z/astroladb/internal/introspect/base.go:172.30,174.3 1 1
github.com/hlop3z/astroladb/internal/introspect/base.go:177.2,180.30 2 1
github.com/hlop3z/astroladb/internal/introspect/base.go:180.30,181.42 1 1
github.com/hlop3z/astroladb/internal/introspect/base.go:181.42,184.46 2 1
github.com/hlop3z/astroladb/internal/introspect/base.go:184.46,188.57 2 1
github.com/hlop3z/astroladb/internal/introspect/base.go:188.57,190.6 1 1
github.com/hlop3z/astroladb/internal/introspect/base.go:196.2,197.30 2 1
github.com/hlop3z/astroladb/internal/introspect/base.go:197.30,198.35 1 1
github.com/hlop3z/astroladb/internal/introspect/base.go:198.35,200.4 1 1
github.com/hlop3z/astroladb/internal/introspect/base.go:203.2,203.24 1 1
github.com/hlop3z/astroladb/internal/introspect/base.go:207.103,210.16 3 0
github.com/hlop3z/astroladb/internal/introspect/base.go:210.16,212.3 1 0
github.com/hlop3z/astroladb/internal/introspect/base.go:213.2,213.20 1 0
github.com/hlop3z/astroladb/internal/introspect/base.go:225.40,230.2 1 1
github.com/hlop3z/astroladb/internal/introspect/base.go:235.91,236.39 1 1
github.com/hlop3z/astroladb/internal/introspect/base.go:236.39,239.3 2 1
github.com/hlop3z/astroladb/internal/introspect/base.go:239.8,249.3 2 1
github.com/hlop3z/astroladb/internal/introspect/base.go:254.69,255.39 1 1
github.com/hlop3z/astroladb/internal/introspect/base.go:255.39,258.3 2 1
github.com/hlop3z/astroladb/internal/introspect/base.go:262.55,264.31 2 1
github.com/hlop3z/astroladb/internal/introspect/base.go:264.31,266.3 1 1
github.com/hlop3z/astroladb/internal/introspect/base.go:267.2,267.15 1 1
github.com/hlop3z/astroladb/internal/introspect/base.go:271.42,273.2 1 1
github.com/hlop3z/astroladb/internal/introspect/introspect.go:37.68,38.19 1 1
github.com/hlop3z/astroladb/internal/introspect/introspect.go:38.19,40.3 1 1
github.com/hlop3z/astroladb/internal/introspect/introspect.go:42.2,43.38 2 1
github.com/hlop3z/astroladb/internal/introspect/introspect.go:43.38,54.3 2 1
github.com/hlop3z/astroladb/internal/introspect/introspect.go:55.2,55.16 1 1
github.com/hlop3z/astroladb/internal/introspect/introspect.go:60.54,61.18 1 1
github.com/hlop3z/astroladb/internal/introspect/introspect.go:62.18,63.51 1 1
github.com/hlop3z/astroladb/internal/introspect/introspect.go:64.16,65.49 1 1
github.com/hlop3z/astroladb/internal/introspect/introspect.go:66.10,67.13 1 0
github.com/hlop3z/astroladb/internal/introspect/introspect.go:121.88,123.20 1 1
github.com/hlop3z/astroladb/internal/introspect/introspect.go:123.20,124.46 1 1
github.com/hlop3z/astroladb/internal/introspect/introspect.go:124.46,126.4 1 1
github.com/hlop3z/astroladb/internal/introspect/introspect.go:130.2,131.15 2 1
github.com/hlop3z/astroladb/internal/introspect/introspect.go:131.15,133.3 1 1
github.com/hlop3z/astroladb/internal/introspect/introspect.go:134.2,134.39 1 1
github.com/hlop3z/astroladb/internal/introspect/introspect.go:138.44,139.33 1 1
github.com/hlop3z/astroladb/internal/introspect/introspect.go:140.17,141.19 1 1
github.com/hlop3z/astroladb/internal/introspect/introspect.go:142.18,143.20 1 1
github.com/hlop3z/astroladb/internal/introspect/introspect.go:144.18,145.20 1 1
github.com/hlop3z/astroladb/internal/introspect/introspect.go:146.23,147.12 1 1
github.com/hlop3z/astroladb/internal/introspect/introspect.go:148.10,149.12 1 1
github.com/hlop3z/astroladb/internal/introspect/introspect.go:160.40,162.2 1 1
github.com/hlop3z/astroladb/internal/introspect/postgres.go:19.94,21.2 1 0
github.com/hlop3z/astroladb/internal/introspect/postgres.go:23.131,25.2 1 0
github.com/hlop3z/astroladb/internal/introspect/postgres.go:27.147,29.2 1 0
github.com/hlop3z/astroladb/internal/introspect/postgres.go:31.82,39.16 3 0
github.com/hlop3z/astroladb/internal/introspect/postgres.go:39.16,41.3 1 0
github.com/hlop3z/astroladb/internal/introspect/postgres.go:42.2,45.18 3 0
github.com/hlop3z/astroladb/internal/introspect/postgres.go:45.18,47.42 2 0
github.com/hlop3z/astroladb/internal/introspect/postgres.go:47.42,49.4 1 0
github.com/hlop3z/astroladb/internal/introspect/postgres.go:50.3,50.32 1 0
github.com/hlop3z/astroladb/internal/introspect/postgres.go:53.2,53.27 1 0
github.com/hlop3z/astroladb/internal/introspect/postgres.go:56.110,58.2 1 0
github.com/hlop3z/astroladb/internal/introspect/postgres.go:60.115,88.16 3 0
github.com/hlop3z/astroladb/internal/introspect/postgres.go:88.16,90.3 1 0
github.com/hlop3z/astroladb/internal/introspect/postgres.go:91.2,94.18 3 0
github.com/hlop3z/astroladb/internal/introspect/postgres.go:94.18,109.17 5 0
github.com/hlop3z/astroladb/internal/introspect/postgres.go:109.17,111.4 1 0
github.com/hlop3z/astroladb/internal/introspect/postgres.go:113.3,128.24 5 0
github.com/hlop3z/astroladb/internal/introspect/postgres.go:128.24,131.4 2 0
github.com/hlop3z/astroladb/internal/introspect/postgres.go:133.3,133.33 1 0
github.com/hlop3z/astroladb/internal/introspect/postgres.go:136.2,136.28 1 0
github.com/hlop3z/astroladb/internal/introspect/postgres.go:139.114,158.16 3 0
github.com/hlop3z/astroladb/internal/introspect/postgres.go:158.16,160.3 1 0
github.com/hlop3z/astroladb/internal/introspect/postgres.go:161.2,164.18 3 0
github.com/hlop3z/astroladb/internal/introspect/postgres.go:164.18,170.17 5 0
github.com/hlop3z/astroladb/internal/introspect/postgres.go:170.17,172.4 1 0
github.com/hlop3z/astroladb/internal/introspect/postgres.go:174.3,178.5 1 0
github.com/hlop3z/astroladb/internal/introspect/postgres.go:181.2,181.28 1 0
github.com/hlop3z/astroladb/internal/introspect/postgres.go:184.123,210.16 3 0
github.com/hlop3z/astroladb/internal/introspect/postgres.go:210.16,212.3 1 0
github.com/hlop3z/astroladb/internal/introspect/postgres.go:213.2,216.18 3 0
github.com/hlop3z/astroladb/internal/introspect/postgres.go:216.18,220.17 3 0
github.com/hlop3z/astroladb/internal/introspect/postgres.go:220.17,222.4 1 0
github.com/hlop3z/astroladb/internal/introspect/postgres.go:224.3,224.65 1 0
github.com/hlop3z/astroladb/internal/introspect/postgres.go:227.2,227.33 1 0
github.com/hlop3z/astroladb/internal/introspect/postgres.go:230.97,239.16 3 0
github.com/hlop3z/astroladb/internal/introspect/postgres.go:239.16,241.3 1 0
github.com/hlop3z/astroladb/internal/introspect/postgres.go:242.2,242.20 1 0
github.com/hlop3z/astroladb/internal/introspect/sqlite.go:20.92,22.2 1 0
github.com/hlop3z/astroladb/internal/introspect/sqlite.go:24.129,26.2 1 0
github.com/hlop3z/astroladb/internal/introspect/sqlite.go:28.145,30.2 1 0
github.com/hlop3z/astroladb/internal/introspect/sqlite.go:32.80,40.16 3 0
github.com/hlop3z/astroladb/internal/introspect/sqlite.go:40.16,42.3 1 0
github.com/hlop3z/astroladb/internal/introspect/sqlite.go:43.2,46.18 3 0
github.com/hlop3z/astroladb/internal/introspect/sqlite.go:46.18,48.42 2 0
github.com/hlop3z/astroladb/internal/introspect/sqlite.go:48.42,50.4 1 0
github.com/hlop3z/astroladb/internal/introspect/sqlite.go:51.3,51.32 1 0
github.com/hlop3z/astroladb/internal/introspect/sqlite.go:54.2,54.27 1 0
github.com/hlop3z/astroladb/internal/introspect/sqlite.go:57.108,59.2 1 0
github.com/hlop3z/astroladb/internal/introspect/sqlite.go:61.113,67.16 3 0
github.com/hlop3z/astroladb/internal/introspect/sqlite.go:67.16,69.3 1 0
github.com/hlop3z/astroladb/internal/introspect/sqlite.go:70.2,73.18 3 0
github.com/hlop3z/astroladb/internal/introspect/sqlite.go:73.18,80.17 6 0
github.com/hlop3z/astroladb/internal/introspect/sqlite.go:80.17,82.4 1 0
github.com/hlop3z/astroladb/internal/introspect/sqlite.go:84.3,104.24 4 0
github.com/hlop3z/astroladb/internal/introspect/sqlite.go:104.24,107.4 2 0
github.com/hlop3z/astroladb/internal/introspect/sqlite.go:109.3,109.33 1 0
github.com/hlop3z/astroladb/internal/introspect/sqlite.go:112.2,112.28 1 0
github.com/hlop3z/astroladb/internal/introspect/sqlite.go:115.112,128.16 3 0
github.com/hlop3z/astroladb/internal/introspect/sqlite.go:128.16,130.3 1 0
github.com/hlop3z/astroladb/internal/introspect/sqlite.go:133.2,134.18 2 0
github.com/hlop3z/astroladb/internal/introspect/sqlite.go:134.18,136.47 2 0
github.com/hlop3z/astroladb/internal/introspect/sqlite.go:136.47,139.4 2 0
github.com/hlop3z/astroladb/internal/introspect/sqlite.go:140.3,140.45 1 0
github.com/hlop3z/astroladb/internal/introspect/sqlite.go:142.2,142.35 1 0
github.com/hlop3z/astroladb/internal/introspect/sqlite.go:142.35,145.3 2 0
github.com/hlop3z/astroladb/internal/introspect/sqlite.go:146.2,150.39 3 0
github.com/hlop3z/astroladb/internal/introspect/sqlite.go:150.39,152.17 2 0
github.com/hlop3z/astroladb/internal/introspect/sqlite.go:152.17,154.4 1 0
github.com/hlop3z/astroladb/internal/introspect/sqlite.go:155.3,155.17 1 0
github.com/hlop3z/astroladb/internal/introspect/sqlite.go:155.17,157.4 1 0
github.com/hlop3z/astroladb/internal/introspect/sqlite.go:160.2,160.21 1 0
github.com/hlop3z/astroladb/internal/introspect/sqlite.go:163.119,170.16 4 0
github.com/hlop3z/astroladb/internal/introspect/sqlite.go:170.16,172.3 1 0
github.com/hlop3z/astroladb/internal/introspect/sqlite.go:174.2,174.22 1 0
github.com/hlop3z/astroladb/internal/introspect/sqlite.go:174.22,182.17 6 0
github.com/hlop3z/astroladb/internal/introspect/sqlite.go:182.17,184.12 1 0
github.com/hlop3z/astroladb/internal/introspect/sqlite.go:187.3,187.24 1 0
github.com/hlop3z/astroladb/internal/introspect/sqlite.go:187.24,189.9 2 0
github.com/hlop3z/astroladb/internal/introspect/sqlite.go:192.2,197.16 4 0
github.com/hlop3z/astroladb/internal/introspect/sqlite.go:197.16,199.3 1 0
github.com/hlop3z/astroladb/internal/introspect/sqlite.go:200.2,203.22 3 0
github.com/hlop3z/astroladb/internal/introspect/sqlite.go:203.22,207.63 3 0
github.com/hlop3z/astroladb/internal/introspect/sqlite.go:207.63,209.4 1 0
github.com/hlop3z/astroladb/internal/introspect/sqlite.go:210.3,210.37 1 0
github.com/hlop3z/astroladb/internal/introspect/sqlite.go:213.2,213.23 1 0
github.com/hlop3z/astroladb/internal/introspect/sqlite.go:213.23,215.3 1 0
github.com/hlop3z/astroladb/internal/introspect/sqlite.go:217.2,221.8 1 0
github.com/hlop3z/astroladb/internal/introspect/sqlite.go:224.121,230.16 3 0
github.com/hlop3z/astroladb/internal/introspect/sqlite.go:230.16,232.3 1 0
github.com/hlop3z/astroladb/internal/introspect/sqlite.go:233.2,236.18 3 0
github.com/hlop3z/astroladb/internal/introspect/sqlite.go:236.18,241.17 4 0
github.com/hlop3z/astroladb/internal/introspect/sqlite.go:241.17,243.4 1 0
github.com/hlop3z/astroladb/internal/introspect/sqlite.go:246.3,247.56 2 0
github.com/hlop3z/astroladb/internal/introspect/sqlite.go:250.2,250.33 1 0
github.com/hlop3z/astroladb/internal/introspect/sqlite.go:253.95,260.26 3 0
github.com/hlop3z/astroladb/internal/introspect/sqlite.go:260.26,262.3 1 0
github.com/hlop3z/astroladb/internal/introspect/sqlite.go:263.2,263.16 1 0
github.com/hlop3z/astroladb/internal/introspect/sqlite.go:263.16,265.3 1 0
github.com/hlop3z/astroladb/internal/introspect/sqlite.go:266.2,266.18 1 0
github.com/hlop3z/astroladb/internal/introspect/sqlite.go:271.48,275.17 3 1
github.com/hlop3z/astroladb/internal/introspect/sqlite.go:275.17,277.3 1 1
github.com/hlop3z/astroladb/internal/introspect/sqlite.go:278.2,278.17 1 1
github.com/hlop3z/astroladb/internal/introspect/sqlite.go:278.17,280.3 1 1
github.com/hlop3z/astroladb/internal/introspect/sqlite.go:282.2,283.17 2 1
github.com/hlop3z/astroladb/internal/introspect/sqlite.go:283.17,285.3 1 0
github.com/hlop3z/astroladb/internal/introspect/sqlite.go:286.2,289.15 3 1
github.com/hlop3z/astroladb/internal/introspect/sqlite.go:289.15,291.3 1 1
github.com/hlop3z/astroladb/internal/introspect/sqlite.go:293.2,297.26 4 1
github.com/hlop3z/astroladb/internal/introspect/sqlite.go:297.26,301.14 3 1
github.com/hlop3z/astroladb/internal/introspect/sqlite.go:301.14,303.4 1 1
github.com/hlop3z/astroladb/internal/introspect/sqlite.go:306.2,306.15 1 1
github.com/hlop3z/astroladb/internal/introspect/types.go:15.90,18.9 2 1
github.com/hlop3z/astroladb/internal/introspect/types.go:19.23,20.39 1 1
github.com/hlop3z/astroladb/internal/introspect/types.go:22.90,23.39 1 1
github.com/hlop3z/astroladb/internal/introspect/types.go:23.39,25.4 1 1
github.com/hlop3z/astroladb/internal/introspect/types.go:26.3,26.63 1 1
github.com/hlop3z/astroladb/internal/introspect/types.go:28.23,29.39 1 1
github.com/hlop3z/astroladb/internal/introspect/types.go:31.59,32.42 1 1
github.com/hlop3z/astroladb/internal/introspect/types.go:34.44,35.42 1 1
github.com/hlop3z/astroladb/internal/introspect/types.go:37.42,39.42 1 1
github.com/hlop3z/astroladb/internal/introspect/types.go:41.42,42.40 1 1
github.com/hlop3z/astroladb/internal/introspect/types.go:44.54,45.40 1 1
github.com/hlop3z/astroladb/internal/introspect/types.go:47.80,49.22 2 1
github.com/hlop3z/astroladb/internal/introspect/types.go:49.22,51.4 1 1
github.com/hlop3z/astroladb/internal/introspect/types.go:52.3,52.18 1 1
github.com/hlop3z/astroladb/internal/introspect/types.go:52.18,54.4 1 1
github.com/hlop3z/astroladb/internal/introspect/types.go:55.3,55.65 1 1
github.com/hlop3z/astroladb/internal/introspect/types.go:57.43,58.42 1 1
github.com/hlop3z/astroladb/internal/introspect/types.go:60.23,61.39 1 1
github.com/hlop3z/astroladb/internal/introspect/types.go:63.58,64.39 1 1
github.com/hlop3z/astroladb/internal/introspect/types.go:66.67,67.43 1 1
github.com/hlop3z/astroladb/internal/introspect/types.go:69.68,70.43 1 1
github.com/hlop3z/astroladb/internal/introspect/types.go:72.41,73.39 1 1
github.com/hlop3z/astroladb/internal/introspect/types.go:75.24,76.41 1 1
github.com/hlop3z/astroladb/internal/introspect/types.go:78.10,81.39 1 1
github.com/hlop3z/astroladb/internal/introspect/types.go:88.48,91.9 2 1
github.com/hlop3z/astroladb/internal/introspect/types.go:92.23,93.39 1 1
github.com/hlop3z/astroladb/internal/introspect/types.go:95.26,96.42 1 1
github.com/hlop3z/astroladb/internal/introspect/types.go:98.23,99.40 1 1
github.com/hlop3z/astroladb/internal/introspect/types.go:101.23,102.41 1 1
github.com/hlop3z/astroladb/internal/introspect/types.go:104.46,107.61 1 1
github.com/hlop3z/astroladb/internal/introspect/types.go:109.49,110.43 1 1
github.com/hlop3z/astroladb/internal/introspect/types.go:112.23,113.39 1 1
github.com/hlop3z/astroladb/internal/introspect/types.go:115.23,116.39 1 1
github.com/hlop3z/astroladb/internal/introspect/types.go:118.10,120.39 1 1
github.com/hlop3z/astroladb/internal/devdb/devdb.go:32.34,35.16 2 1
github.com/hlop3z/astroladb/internal/devdb/devdb.go:35.16,37.3 1 0
github.com/hlop3z/astroladb/internal/devdb/devdb.go:40.2,40.34 1 1
github.com/hlop3z/astroladb/internal/devdb/devdb.go:40.34,43.3 2 0
github.com/hlop3z/astroladb/internal/devdb/devdb.go:45.2,46.14 2 1
github.com/hlop3z/astroladb/internal/devdb/devdb.go:46.14,49.3 2 0
github.com/hlop3z/astroladb/internal/devdb/devdb.go:51.2,54.8 1 1
github.com/hlop3z/astroladb/internal/devdb/devdb.go:58.37,59.17 1 1
github.com/hlop3z/astroladb/internal/devdb/devdb.go:59.17,61.3 1 1
github.com/hlop3z/astroladb/internal/devdb/devdb.go:62.2,62.12 1 0
github.com/hlop3z/astroladb/internal/devdb/devdb.go:72.107,74.51 1 1
github.com/hlop3z/astroladb/internal/devdb/devdb.go:74.51,76.3 1 0
github.com/hlop3z/astroladb/internal/devdb/devdb.go:80.2,81.18 2 1
github.com/hlop3z/astroladb/internal/devdb/devdb.go:81.18,83.3 1 0
github.com/hlop3z/astroladb/internal/devdb/devdb.go:85.2,87.16 3 1
github.com/hlop3z/astroladb/internal/devdb/devdb.go:87.16,89.3 1 0
github.com/hlop3z/astroladb/internal/devdb/devdb.go:91.2,91.24 1 1
github.com/hlop3z/astroladb/internal/devdb/devdb.go:95.85,97.38 1 1
github.com/hlop3z/astroladb/internal/devdb/devdb.go:97.38,99.17 2 1
github.com/hlop3z/astroladb/internal/devdb/devdb.go:99.17,101.4 1 0
github.com/hlop3z/astroladb/internal/devdb/devdb.go:104.3,104.55 1 1
github.com/hlop3z/astroladb/internal/devdb/devdb.go:104.55,106.4 1 0
github.com/hlop3z/astroladb/internal/devdb/devdb.go:109.3,109.37 1 1
github.com/hlop3z/astroladb/internal/devdb/devdb.go:109.37,111.59 2 0
github.com/hlop3z/astroladb/internal/devdb/devdb.go:111.59,113.5 1 0
github.com/hlop3z/astroladb/internal/devdb/devdb.go:117.2,117.12 1 1
github.com/hlop3z/astroladb/internal/devdb/devdb.go:121.91,125.9 2 0
github.com/hlop3z/astroladb/internal/devdb/devdb.go:126.50,142.4 1 0
github.com/hlop3z/astroladb/internal/devdb/devdb.go:144.49,156.4 1 0
github.com/hlop3z/astroladb/internal/devdb/devdb.go:158.48,167.4 1 0
github.com/hlop3z/astroladb/internal/devdb/devdb.go:169.10,178.4 1 0
github.com/hlop3z/astroladb/internal/devdb/devdb.go:183.80,200.16 3 1
github.com/hlop3z/astroladb/internal/devdb/devdb.go:200.16,202.3 1 0
github.com/hlop3z/astroladb/internal/devdb/devdb.go:204.2,204.17 1 1
github.com/hlop3z/astroladb/internal/devdb/devdb.go:208.76,210.27 2 0
github.com/hlop3z/astroladb/internal/devdb/devdb.go:210.27,212.3 1 0
github.com/hlop3z/astroladb/internal/devdb/devdb.go:214.2,217.36 2 0
github.com/hlop3z/astroladb/internal/devdb/devdb.go:217.36,218.12 1 0
github.com/hlop3z/astroladb/internal/devdb/devdb.go:218.12,220.4 1 0
github.com/hlop3z/astroladb/internal/devdb/devdb.go:221.3,221.41 1 0
github.com/hlop3z/astroladb/internal/devdb/devdb.go:224.2,225.12 2 0
github.com/hlop3z/astroladb/internal/devdb/devdb.go:229.68,237.20 4 0
github.com/hlop3z/astroladb/internal/devdb/devdb.go:237.20,239.48 2 0
github.com/hlop3z/astroladb/internal/devdb/devdb.go:239.48,241.4 1 0
github.com/hlop3z/astroladb/internal/devdb/devdb.go:245.2,245.38 1 0
github.com/hlop3z/astroladb/internal/devdb/devdb.go:245.38,247.3 1 0
github.com/hlop3z/astroladb/internal/devdb/devdb.go:250.2,250.24 1 0
github.com/hlop3z/astroladb/internal/devdb/devdb.go:250.24,252.3 1 0
github.com/hlop3z/astroladb/internal/devdb/devdb.go:252.8,252.36 1 0
github.com/hlop3z/astroladb/internal/devdb/devdb.go:252.36,253.70 1 0
github.com/hlop3z/astroladb/internal/devdb/devdb.go:253.70,255.4 1 0
github.com/hlop3z/astroladb/internal/devdb/devdb.go:259.2,259.16 1 0
github.com/hlop3z/astroladb/internal/devdb/devdb.go:259.16,261.3 1 0
github.com/hlop3z/astroladb/internal/devdb/devdb.go:263.2,263.12 1 0
github.com/hlop3z/astroladb/internal/devdb/devdb.go:267.37,268.25 1 0
github.com/hlop3z/astroladb/internal/devdb/devdb.go:269.14,271.38 2 0
github.com/hlop3z/astroladb/internal/devdb/devdb.go:272.12,273.10 1 0
github.com/hlop3z/astroladb/internal/devdb/devdb.go:273.10,275.4 1 0
github.com/hlop3z/astroladb/internal/devdb/devdb.go:276.3,276.13 1 0
github.com/hlop3z/astroladb/internal/devdb/devdb.go:277.11,278.32 1 0
github.com/hlop3z/astroladb/internal/devdb/devdb.go:279.13,280.32 1 0
github.com/hlop3z/astroladb/internal/devdb/devdb.go:281.15,282.32 1 0
github.com/hlop3z/astroladb/internal/devdb/devdb.go:283.11,284.16 1 0
github.com/hlop3z/astroladb/internal/devdb/devdb.go:285.10,287.38 2 0
github.com/hlop3z/astroladb/internal/devdb/devdb.go:292.72,293.18 1 0
github.com/hlop3z/astroladb/internal/devdb/devdb.go:294.12,295.19 1 0
github.com/hlop3z/astroladb/internal/devdb/devdb.go:296.17,297.19 1 0
github.com/hlop3z/astroladb/internal/devdb/devdb.go:298.16,299.18 1 0
github.com/hlop3z/astroladb/internal/devdb/devdb.go:300.16,301.20 1 0
github.com/hlop3z/astroladb/internal/devdb/devdb.go:301.20,303.4 1 0
github.com/hlop3z/astroladb/internal/devdb/devdb.go:304.3,304.16 1 0
github.com/hlop3z/astroladb/internal/devdb/devdb.go:305.14,306.16 1 0
github.com/hlop3z/astroladb/internal/devdb/devdb.go:307.17,308.19 1 0
github.com/hlop3z/astroladb/internal/devdb/devdb.go:309.18,310.20 1 0
github.com/hlop3z/astroladb/internal/devdb/devdb.go:311.14,312.16 1 0
github.com/hlop3z/astroladb/internal/devdb/devdb.go:313.14,314.16 1 0
github.com/hlop3z/astroladb/internal/devdb/devdb.go:315.15,316.16 1 0
github.com/hlop3z/astroladb/internal/devdb/devdb.go:317.17,318.19 1 0
github.com/hlop3z/astroladb/internal/devdb/devdb.go:319.14,320.16 1 0
github.com/hlop3z/astroladb/internal/devdb/devdb.go:321.14,322.16 1 0
github.com/hlop3z/astroladb/internal/devdb/devdb.go:323.10,324.16 1 0
github.com/hlop3z/astroladb/internal/devdb/devdb.go:329.90,331.27 2 0
github.com/hlop3z/astroladb/internal/devdb/devdb.go:331.27,333.3 1 0
github.com/hlop3z/astroladb/internal/devdb/devdb.go:335.2,336.21 2 0
github.com/hlop3z/astroladb/internal/devdb/devdb.go:336.21,339.3 1 0
github.com/hlop3z/astroladb/internal/devdb/devdb.go:341.2,342.16 2 0
github.com/hlop3z/astroladb/internal/devdb/devdb.go:342.16,344.3 1 0
github.com/hlop3z/astroladb/internal/devdb/devdb.go:346.2,347.34 2 0
github.com/hlop3z/astroladb/internal/devdb/devdb.go:347.34,348.12 1 0
github.com/hlop3z/astroladb/internal/devdb/devdb.go:348.12,350.4 1 0
github.com/hlop3z/astroladb/internal/devdb/devdb.go:351.3,351.39 1 0
github.com/hlop3z/astroladb/internal/devdb/devdb.go:354.2,359.3 1 0
github.com/hlop3z/astroladb/internal/jsutil/jsutil.go:14.61,15.16 1 1
github.com/hlop3z/astroladb/internal/jsutil/jsutil.go:15.16,17.3 1 1
github.com/hlop3z/astroladb/internal/jsutil/jsutil.go:18.2,19.55 2 1
github.com/hlop3z/astroladb/internal/jsutil/jsutil.go:19.55,21.3 1 1
github.com/hlop3z/astroladb/internal/jsutil/jsutil.go:22.2,23.14 2 1
github.com/hlop3z/astroladb/internal/jsutil/jsutil.go:28.55,29.16 1 1
github.com/hlop3z/astroladb/internal/jsutil/jsutil.go:29.16,31.3 1 1
github.com/hlop3z/astroladb/internal/jsutil/jsutil.go:32.2,33.55 2 1
github.com/hlop3z/astroladb/internal/jsutil/jsutil.go:33.55,35.3 1 1
github.com/hlop3z/astroladb/internal/jsutil/jsutil.go:36.2,36.26 1 0
github.com/hlop3z/astroladb/internal/jsutil/jsutil.go:41.57,42.16 1 1
github.com/hlop3z/astroladb/internal/jsutil/jsutil.go:42.16,44.3 1 1
github.com/hlop3z/astroladb/internal/jsutil/jsutil.go:45.2,46.55 2 1
github.com/hlop3z/astroladb/internal/jsutil/jsutil.go:46.55,48.3 1 1
github.com/hlop3z/astroladb/internal/jsutil/jsutil.go:49.2,50.14 2 1
github.com/hlop3z/astroladb/internal/jsutil/jsutil.go:55.67,56.16 1 1
github.com/hlop3z/astroladb/internal/jsutil/jsutil.go:56.16,58.3 1 1
github.com/hlop3z/astroladb/internal/jsutil/jsutil.go:59.2,60.55 2 1
github.com/hlop3z/astroladb/internal/jsutil/jsutil.go:60.55,62.3 1 1
github.com/hlop3z/astroladb/internal/jsutil/jsutil.go:63.2,64.14 2 1
github.com/hlop3z/astroladb/internal/jsutil/jsutil.go:69.66,70.16 1 1
github.com/hlop3z/astroladb/internal/jsutil/jsutil.go:70.16,72.3 1 1
github.com/hlop3z/astroladb/internal/jsutil/jsutil.go:73.2,74.55 2 1
github.com/hlop3z/astroladb/internal/jsutil/jsutil.go:74.55,76.3 1 1
github.com/hlop3z/astroladb/internal/jsutil/jsutil.go:77.2,78.9 2 0
github.com/hlop3z/astroladb/internal/jsutil/jsutil.go:78.9,80.3 1 0
github.com/hlop3z/astroladb/internal/jsutil/jsutil.go:82.2,83.53 2 0
github.com/hlop3z/astroladb/internal/jsutil/jsutil.go:83.53,85.3 1 0
github.com/hlop3z/astroladb/internal/jsutil/jsutil.go:86.2,87.23 2 0
github.com/hlop3z/astroladb/internal/jsutil/jsutil.go:87.23,89.3 1 0
github.com/hlop3z/astroladb/internal/jsutil/jsutil.go:90.2,91.30 2 0
github.com/hlop3z/astroladb/internal/jsutil/jsutil.go:91.30,93.3 1 0
github.com/hlop3z/astroladb/internal/jsutil/jsutil.go:94.2,94.21 1 0
github.com/hlop3z/astroladb/internal/jsutil/jsutil.go:99.68,101.9 2 1
github.com/hlop3z/astroladb/internal/jsutil/jsutil.go:101.9,103.3 1 1
github.com/hlop3z/astroladb/internal/jsutil/jsutil.go:104.2,105.24 2 0
github.com/hlop3z/astroladb/internal/jsutil/jsutil.go:105.24,106.56 1 0
github.com/hlop3z/astroladb/internal/jsutil/jsutil.go:106.56,107.12 1 0
github.com/hlop3z/astroladb/internal/jsutil/jsutil.go:109.3,109.39 1 0
github.com/hlop3z/astroladb/internal/jsutil/jsutil.go:109.39,111.4 1 0
github.com/hlop3z/astroladb/internal/jsutil/jsutil.go:111.9,113.4 1 0
github.com/hlop3z/astroladb/internal/jsutil/jsutil.go:115.2,115.21 1 0
github.com/hlop3z/astroladb/internal/jsutil/jsutil.go:120.86,121.15 1 1
github.com/hlop3z/astroladb/internal/jsutil/jsutil.go:121.15,123.3 1 1
github.com/hlop3z/astroladb/internal/jsutil/jsutil.go:124.2,125.16 2 0
github.com/hlop3z/astroladb/internal/jsutil/jsutil.go:125.16,127.3 1 0
github.com/hlop3z/astroladb/internal/jsutil/jsutil.go:128.2,128.20 1 0
github.com/hlop3z/astroladb/internal/jsutil/jsutil.go:133.81,135.16 2 1
github.com/hlop3z/astroladb/internal/jsutil/jsutil.go:135.16,136.13 1 1
github.com/hlop3z/astroladb/internal/jsutil/jsutil.go:138.2,138.15 1 0
github.com/hlop3z/astroladb/internal/jsutil/jsutil.go:143.34,144.55 1 1
github.com/hlop3z/astroladb/internal/jsutil/jsutil.go:144.55,146.3 1 1
github.com/hlop3z/astroladb/internal/jsutil/jsutil.go:147.2,147.19 1 1
github.com/hlop3z/astroladb/internal/jsutil/jsutil.go:152.38,153.55 1 1
github.com/hlop3z/astroladb/internal/jsutil/jsutil.go:153.55,155.3 1 1
github.com/hlop3z/astroladb/internal/jsutil/jsutil.go:156.2,156.38 1 1
github.com/hlop3z/astroladb/internal/jsutil/jsutil.go:156.38,158.3 1 1
github.com/hlop3z/astroladb/internal/jsutil/jsutil.go:160.2,160.19 1 0
github.com/hlop3z/astroladb/internal/jsutil/jsutil.go:165.32,166.55 1 1
github.com/hlop3z/astroladb/internal/jsutil/jsutil.go:166.55,168.3 1 1
github.com/hlop3z/astroladb/internal/jsutil/jsutil.go:169.2,170.10 2 0
github.com/hlop3z/astroladb/internal/jsutil/jsutil.go:175.34,176.55 1 1
github.com/hlop3z/astroladb/internal/jsutil/jsutil.go:176.55,178.3 1 1
github.com/hlop3z/astroladb/internal/jsutil/jsutil.go:179.2,179.36 1 1
github.com/hlop3z/astroladb/internal/jsutil/jsutil.go:179.36,181.3 1 1
github.com/hlop3z/astroladb/internal/jsutil/jsutil.go:182.2,182.14 1 0
github.com/hlop3z/astroladb/internal/jsutil/jsutil.go:187.45,188.55 1 1
github.com/hlop3z/astroladb/internal/jsutil/jsutil.go:188.55,190.3 1 1
github.com/hlop3z/astroladb/internal/jsutil/jsutil.go:191.2,192.9 2 0
github.com/hlop3z/astroladb/internal/jsutil/jsutil.go:192.9,194.3 1 0
github.com/hlop3z/astroladb/internal/jsutil/jsutil.go:196.2,197.53 2 0
github.com/hlop3z/astroladb/internal/jsutil/jsutil.go:197.53,199.3 1 0
github.com/hlop3z/astroladb/internal/jsutil/jsutil.go:200.2,201.23 2 0
github.com/hlop3z/astroladb/internal/jsutil/jsutil.go:201.23,203.3 1 0
github.com/hlop3z/astroladb/internal/jsutil/jsutil.go:204.2,205.30 2 0
github.com/hlop3z/astroladb/internal/jsutil/jsutil.go:205.30,207.65 2 0
github.com/hlop3z/astroladb/internal/jsutil/jsutil.go:207.65,209.4 1 0
github.com/hlop3z/astroladb/internal/jsutil/jsutil.go:209.9,209.49 1 0
github.com/hlop3z/astroladb/internal/jsutil/jsutil.go:209.49,211.4 1 0
github.com/hlop3z/astroladb/internal/jsutil/jsutil.go:211.9,213.4 1 0
github.com/hlop3z/astroladb/internal/jsutil/jsutil.go:215.2,215.15 1 0
github.com/hlop3z/astroladb/internal/jsutil/jsutil.go:220.43,221.55 1 1
github.com/hlop3z/astroladb/internal/jsutil/jsutil.go:221.55,223.3 1 1
github.com/hlop3z/astroladb/internal/jsutil/jsutil.go:224.2,225.9 2 1
github.com/hlop3z/astroladb/internal/jsutil/jsutil.go:225.9,227.3 1 0
github.com/hlop3z/astroladb/internal/jsutil/jsutil.go:228.2,229.44 2 1
github.com/hlop3z/astroladb/internal/jsutil/jsutil.go:229.44,231.3 1 1
github.com/hlop3z/astroladb/internal/jsutil/jsutil.go:233.2,234.31 2 0
github.com/hlop3z/astroladb/internal/jsutil/jsutil.go:234.31,237.3 2 0
github.com/hlop3z/astroladb/internal/jsutil/jsutil.go:238.2,238.15 1 0
github.com/hlop3z/astroladb/internal/jsutil/jsutil.go:243.59,244.16 1 0
github.com/hlop3z/astroladb/internal/jsutil/jsutil.go:244.16,246.3 1 0
github.com/hlop3z/astroladb/internal/jsutil/jsutil.go:248.2,248.48 1 0
github.com/hlop3z/astroladb/internal/jsutil/jsutil.go:248.48,250.3 1 0
github.com/hlop3z/astroladb/internal/jsutil/jsutil.go:251.2,251.43 1 0
github.com/hlop3z/astroladb/internal/jsutil/jsutil.go:256.31,257.23 1 1
github.com/hlop3z/astroladb/internal/jsutil/jsutil.go:258.11,259.17 1 1
github.com/hlop3z/astroladb/internal/jsutil/jsutil.go:260.15,261.22 1 1
github.com/hlop3z/astroladb/internal/jsutil/jsutil.go:262.15,264.66 1 1
github.com/hlop3z/astroladb/internal/jsutil/jsutil.go:264.66,266.4 1 1
github.com/hlop3z/astroladb/internal/jsutil/jsutil.go:267.3,267.18 1 1
github.com/hlop3z/astroladb/internal/jsutil/jsutil.go:268.10,269.18 1 1
github.com/hlop3z/astroladb/internal/engine/backfill.go:18.70,21.25 2 1
github.com/hlop3z/astroladb/internal/engine/backfill.go:21.25,23.10 2 1
github.com/hlop3z/astroladb/internal/engine/backfill.go:23.10,24.12 1 0
github.com/hlop3z/astroladb/internal/engine/backfill.go:27.3,28.17 2 1
github.com/hlop3z/astroladb/internal/engine/backfill.go:28.17,29.12 1 0
github.com/hlop3z/astroladb/internal/engine/backfill.go:33.3,33.19 1 1
github.com/hlop3z/astroladb/internal/engine/backfill.go:33.19,34.12 1 1
github.com/hlop3z/astroladb/internal/engine/backfill.go:38.3,38.48 1 1
github.com/hlop3z/astroladb/internal/engine/backfill.go:38.48,39.12 1 1
github.com/hlop3z/astroladb/internal/engine/backfill.go:43.3,43.45 1 1
github.com/hlop3z/astroladb/internal/engine/backfill.go:43.45,44.12 1 1
github.com/hlop3z/astroladb/internal/engine/backfill.go:48.3,48.21 1 1
github.com/hlop3z/astroladb/internal/engine/backfill.go:48.21,49.12 1 1
github.com/hlop3z/astroladb/internal/engine/backfill.go:53.3,58.5 1 1
github.com/hlop3z/astroladb/internal/engine/backfill.go:61.2,61.19 1 1
github.com/hlop3z/astroladb/internal/engine/backfill.go:65.44,66.17 1 1
github.com/hlop3z/astroladb/internal/engine/backfill.go:67.24,68.14 1 1
github.com/hlop3z/astroladb/internal/engine/backfill.go:69.37,70.13 1 1
github.com/hlop3z/astroladb/internal/engine/backfill.go:71.17,72.17 1 1
github.com/hlop3z/astroladb/internal/engine/backfill.go:73.14,74.24 1 1
github.com/hlop3z/astroladb/internal/engine/backfill.go:75.14,76.22 1 1
github.com/hlop3z/astroladb/internal/engine/backfill.go:77.18,78.34 1 1
github.com/hlop3z/astroladb/internal/engine/backfill.go:79.14,80.36 1 0
github.com/hlop3z/astroladb/internal/engine/backfill.go:81.14,82.14 1 1
github.com/hlop3z/astroladb/internal/engine/backfill.go:83.10,84.14 1 1
github.com/hlop3z/astroladb/internal/engine/backfill.go:90.87,91.25 1 1
github.com/hlop3z/astroladb/internal/engine/backfill.go:91.25,93.3 1 1
github.com/hlop3z/astroladb/internal/engine/backfill.go:95.2,96.25 2 1
github.com/hlop3z/astroladb/internal/engine/backfill.go:96.25,98.10 2 1
github.com/hlop3z/astroladb/internal/engine/backfill.go:98.10,100.12 2 0
github.com/hlop3z/astroladb/internal/engine/backfill.go:103.3,105.19 3 1
github.com/hlop3z/astroladb/internal/engine/backfill.go:105.19,107.12 2 1
github.com/hlop3z/astroladb/internal/engine/backfill.go:111.3,118.4 4 1
github.com/hlop3z/astroladb/internal/engine/backfill.go:121.2,121.15 1 1
github.com/hlop3z/astroladb/internal/engine/diff.go:12.38,14.29 2 0
github.com/hlop3z/astroladb/internal/engine/diff.go:14.29,16.3 1 0
github.com/hlop3z/astroladb/internal/engine/diff.go:17.2,17.75 1 0
github.com/hlop3z/astroladb/internal/engine/diff.go:17.75,19.3 1 0
github.com/hlop3z/astroladb/internal/engine/diff.go:20.2,20.11 1 0
github.com/hlop3z/astroladb/internal/engine/diff.go:24.48,25.44 1 1
github.com/hlop3z/astroladb/internal/engine/diff.go:25.44,27.15 2 0
github.com/hlop3z/astroladb/internal/engine/diff.go:27.15,29.4 1 0
github.com/hlop3z/astroladb/internal/engine/diff.go:30.3,30.41 1 0
github.com/hlop3z/astroladb/internal/engine/diff.go:42.54,46.16 2 1
github.com/hlop3z/astroladb/internal/engine/diff.go:46.16,48.3 1 1
github.com/hlop3z/astroladb/internal/engine/diff.go:49.2,49.16 1 1
github.com/hlop3z/astroladb/internal/engine/diff.go:49.16,51.3 1 1
github.com/hlop3z/astroladb/internal/engine/diff.go:54.2,68.17 8 1
github.com/hlop3z/astroladb/internal/engine/diff.go:72.57,75.41 2 1
github.com/hlop3z/astroladb/internal/engine/diff.go:75.41,76.45 1 1
github.com/hlop3z/astroladb/internal/engine/diff.go:76.45,86.4 1 1
github.com/hlop3z/astroladb/internal/engine/diff.go:90.2,90.38 1 1
github.com/hlop3z/astroladb/internal/engine/diff.go:90.38,92.3 1 1
github.com/hlop3z/astroladb/internal/engine/diff.go:94.2,94.12 1 1
github.com/hlop3z/astroladb/internal/engine/diff.go:98.55,101.41 2 1
github.com/hlop3z/astroladb/internal/engine/diff.go:101.41,102.45 1 1
github.com/hlop3z/astroladb/internal/engine/diff.go:102.45,109.4 1 1
github.com/hlop3z/astroladb/internal/engine/diff.go:113.2,113.38 1 1
github.com/hlop3z/astroladb/internal/engine/diff.go:113.38,115.3 1 0
github.com/hlop3z/astroladb/internal/engine/diff.go:117.2,117.12 1 1
github.com/hlop3z/astroladb/internal/engine/diff.go:121.56,126.31 3 1
github.com/hlop3z/astroladb/internal/engine/diff.go:126.31,127.44 1 1
github.com/hlop3z/astroladb/internal/engine/diff.go:127.44,129.4 1 1
github.com/hlop3z/astroladb/internal/engine/diff.go:131.2,133.34 2 1
github.com/hlop3z/astroladb/internal/engine/diff.go:133.34,152.3 10 1
github.com/hlop3z/astroladb/internal/engine/diff.go:154.2,154.12 1 1
github.com/hlop3z/astroladb/internal/engine/diff.go:158.68,161.67 2 1
github.com/hlop3z/astroladb/internal/engine/diff.go:161.67,161.84 1 1
github.com/hlop3z/astroladb/internal/engine/diff.go:162.2,162.67 1 1
github.com/hlop3z/astroladb/internal/engine/diff.go:162.67,162.84 1 1
github.com/hlop3z/astroladb/internal/engine/diff.go:165.2,165.36 1 1
github.com/hlop3z/astroladb/internal/engine/diff.go:165.36,166.42 1 1
github.com/hlop3z/astroladb/internal/engine/diff.go:166.42,174.4 1 1
github.com/hlop3z/astroladb/internal/engine/diff.go:178.2,178.36 1 1
github.com/hlop3z/astroladb/internal/engine/diff.go:178.36,179.42 1 1
github.com/hlop3z/astroladb/internal/engine/diff.go:179.42,187.4 1 1
github.com/hlop3z/astroladb/internal/engine/diff.go:191.2,191.36 1 1
github.com/hlop3z/astroladb/internal/engine/diff.go:191.36,193.14 2 1
github.com/hlop3z/astroladb/internal/engine/diff.go:193.14,194.12 1 1
github.com/hlop3z/astroladb/internal/engine/diff.go:197.3,198.33 2 1
github.com/hlop3z/astroladb/internal/engine/diff.go:202.2,202.44 1 1
github.com/hlop3z/astroladb/internal/engine/diff.go:202.44,205.15 2 1
github.com/hlop3z/astroladb/internal/engine/diff.go:205.15,207.4 1 1
github.com/hlop3z/astroladb/internal/engine/diff.go:209.3,209.39 1 0
github.com/hlop3z/astroladb/internal/engine/diff.go:209.39,211.4 1 0
github.com/hlop3z/astroladb/internal/engine/diff.go:213.3,213.29 1 0
github.com/hlop3z/astroladb/internal/engine/diff.go:214.23,215.44 1 0
github.com/hlop3z/astroladb/internal/engine/diff.go:215.44,217.5 1 0
github.com/hlop3z/astroladb/internal/engine/diff.go:218.24,219.45 1 0
github.com/hlop3z/astroladb/internal/engine/diff.go:219.45,221.5 1 0
github.com/hlop3z/astroladb/internal/engine/diff.go:222.25,223.46 1 0
github.com/hlop3z/astroladb/internal/engine/diff.go:223.46,225.5 1 0
github.com/hlop3z/astroladb/internal/engine/diff.go:227.3,227.15 1 0
github.com/hlop3z/astroladb/internal/engine/diff.go:230.2,230.12 1 1
github.com/hlop3z/astroladb/internal/engine/diff.go:234.88,248.84 4 1
github.com/hlop3z/astroladb/internal/engine/diff.go:248.84,252.3 3 1
github.com/hlop3z/astroladb/internal/engine/diff.go:255.2,255.40 1 1
github.com/hlop3z/astroladb/internal/engine/diff.go:255.40,259.3 3 1
github.com/hlop3z/astroladb/internal/engine/diff.go:262.2,262.52 1 1
github.com/hlop3z/astroladb/internal/engine/diff.go:262.52,264.58 2 1
github.com/hlop3z/astroladb/internal/engine/diff.go:264.58,266.4 1 1
github.com/hlop3z/astroladb/internal/engine/diff.go:266.9,268.4 1 1
github.com/hlop3z/astroladb/internal/engine/diff.go:271.2,271.16 1 1
github.com/hlop3z/astroladb/internal/engine/diff.go:271.16,275.3 2 1
github.com/hlop3z/astroladb/internal/engine/diff.go:277.2,277.12 1 1
github.com/hlop3z/astroladb/internal/engine/diff.go:283.37,284.32 1 1
github.com/hlop3z/astroladb/internal/engine/diff.go:284.32,286.3 1 1
github.com/hlop3z/astroladb/internal/engine/diff.go:287.2,287.22 1 1
github.com/hlop3z/astroladb/internal/engine/diff.go:287.22,289.3 1 0
github.com/hlop3z/astroladb/internal/engine/diff.go:290.2,290.19 1 1
github.com/hlop3z/astroladb/internal/engine/diff.go:290.19,291.32 1 1
github.com/hlop3z/astroladb/internal/engine/diff.go:291.32,293.4 1 1
github.com/hlop3z/astroladb/internal/engine/diff.go:295.2,295.13 1 1
github.com/hlop3z/astroladb/internal/engine/diff.go:300.34,303.16 3 1
github.com/hlop3z/astroladb/internal/engine/diff.go:303.16,305.3 1 1
github.com/hlop3z/astroladb/internal/engine/diff.go:306.2,306.32 1 0
github.com/hlop3z/astroladb/internal/engine/diff.go:309.39,310.23 1 1
github.com/hlop3z/astroladb/internal/engine/diff.go:311.11,312.26 1 1
github.com/hlop3z/astroladb/internal/engine/diff.go:313.13,314.26 1 0
github.com/hlop3z/astroladb/internal/engine/diff.go:315.13,316.26 1 0
github.com/hlop3z/astroladb/internal/engine/diff.go:317.15,318.26 1 0
github.com/hlop3z/astroladb/internal/engine/diff.go:319.15,320.17 1 0
github.com/hlop3z/astroladb/internal/engine/diff.go:322.2,322.17 1 0
github.com/hlop3z/astroladb/internal/engine/diff.go:326.35,327.26 1 1
github.com/hlop3z/astroladb/internal/engine/diff.go:327.26,329.3 1 1
github.com/hlop3z/astroladb/internal/engine/diff.go:330.2,330.26 1 1
github.com/hlop3z/astroladb/internal/engine/diff.go:330.26,332.3 1 1
github.com/hlop3z/astroladb/internal/engine/diff.go:333.2,333.32 1 1
github.com/hlop3z/astroladb/internal/engine/diff.go:337.68,340.68 2 1
github.com/hlop3z/astroladb/internal/engine/diff.go:340.68,340.102 1 1
github.com/hlop3z/astroladb/internal/engine/diff.go:341.2,341.68 1 1
github.com/hlop3z/astroladb/internal/engine/diff.go:341.68,341.102 1 1
github.com/hlop3z/astroladb/internal/engine/diff.go:344.2,344.35 1 1
github.com/hlop3z/astroladb/internal/engine/diff.go:344.35,345.41 1 1
github.com/hlop3z/astroladb/internal/engine/diff.go:345.41,355.4 1 1
github.com/hlop3z/astroladb/internal/engine/diff.go:359.2,359.35 1 1
github.com/hlop3z/astroladb/internal/engine/diff.go:359.35,360.41 1 1
github.com/hlop3z/astroladb/internal/engine/diff.go:360.41,368.4 1 1
github.com/hlop3z/astroladb/internal/engine/diff.go:372.2,374.12 2 1
github.com/hlop3z/astroladb/internal/engine/diff.go:378.62,381.16 2 1
github.com/hlop3z/astroladb/internal/engine/diff.go:381.16,383.3 1 1
github.com/hlop3z/astroladb/internal/engine/diff.go:384.2,384.34 1 1
github.com/hlop3z/astroladb/internal/engine/diff.go:384.34,385.12 1 1
github.com/hlop3z/astroladb/internal/engine/diff.go:385.12,387.4 1 1
github.com/hlop3z/astroladb/internal/engine/diff.go:388.3,388.13 1 1
github.com/hlop3z/astroladb/internal/engine/diff.go:390.2,390.12 1 1
github.com/hlop3z/astroladb/internal/engine/diff.go:394.72,402.30 4 1
github.com/hlop3z/astroladb/internal/engine/diff.go:402.30,403.40 1 1
github.com/hlop3z/astroladb/internal/engine/diff.go:403.40,416.4 1 1
github.com/hlop3z/astroladb/internal/engine/diff.go:420.2,420.30 1 1
github.com/hlop3z/astroladb/internal/engine/diff.go:420.30,421.40 1 1
github.com/hlop3z/astroladb/internal/engine/diff.go:421.40,429.4 1 1
github.com/hlop3z/astroladb/internal/engine/diff.go:433.2,435.12 2 1
github.com/hlop3z/astroladb/internal/engine/diff.go:439.68,442.36 2 1
github.com/hlop3z/astroladb/internal/engine/diff.go:442.36,443.27 1 1
github.com/hlop3z/astroladb/internal/engine/diff.go:443.27,444.12 1 1
github.com/hlop3z/astroladb/internal/engine/diff.go:448.3,460.4 3 1
github.com/hlop3z/astroladb/internal/engine/diff.go:463.2,463.12 1 1
github.com/hlop3z/astroladb/internal/engine/diff.go:477.77,480.67 2 1
github.com/hlop3z/astroladb/internal/engine/diff.go:480.67,480.89 1 1
github.com/hlop3z/astroladb/internal/engine/diff.go:481.2,481.67 1 1
github.com/hlop3z/astroladb/internal/engine/diff.go:481.67,481.89 1 1
github.com/hlop3z/astroladb/internal/engine/diff.go:484.2,484.39 1 1
github.com/hlop3z/astroladb/internal/engine/diff.go:484.39,485.43 1 1
github.com/hlop3z/astroladb/internal/engine/diff.go:485.43,488.18 2 1
github.com/hlop3z/astroladb/internal/engine/diff.go:488.18,490.5 1 1
github.com/hlop3z/astroladb/internal/engine/diff.go:491.4,498.6 1 1
github.com/hlop3z/astroladb/internal/engine/diff.go:503.2,503.39 1 1
github.com/hlop3z/astroladb/internal/engine/diff.go:503.39,504.43 1 1
github.com/hlop3z/astroladb/internal/engine/diff.go:504.43,507.18 2 1
github.com/hlop3z/astroladb/internal/engine/diff.go:507.18,509.5 1 0
github.com/hlop3z/astroladb/internal/engine/diff.go:510.4,516.6 1 1
github.com/hlop3z/astroladb/internal/engine/diff.go:521.2,523.12 2 1
github.com/hlop3z/astroladb/internal/engine/diff.go:528.39,530.2 1 1
github.com/hlop3z/astroladb/internal/engine/diff.go:533.44,536.53 2 1
github.com/hlop3z/astroladb/internal/engine/diff.go:536.53,538.81 2 1
github.com/hlop3z/astroladb/internal/engine/diff.go:538.81,540.4 1 1
github.com/hlop3z/astroladb/internal/engine/diff.go:540.9,540.61 1 1
github.com/hlop3z/astroladb/internal/engine/diff.go:540.61,542.4 1 1
github.com/hlop3z/astroladb/internal/engine/diff.go:545.2,545.53 1 1
github.com/hlop3z/astroladb/internal/engine/diff.go:545.53,547.3 1 1
github.com/hlop3z/astroladb/internal/engine/diff.go:548.2,548.22 1 1
github.com/hlop3z/astroladb/internal/engine/diff.go:548.22,550.3 1 1
github.com/hlop3z/astroladb/internal/engine/diff.go:551.2,551.23 1 1
github.com/hlop3z/astroladb/internal/engine/diff.go:556.76,557.19 1 1
github.com/hlop3z/astroladb/internal/engine/diff.go:557.19,559.3 1 1
github.com/hlop3z/astroladb/internal/engine/diff.go:562.2,575.25 13 1
github.com/hlop3z/astroladb/internal/engine/diff.go:575.25,576.25 1 1
github.com/hlop3z/astroladb/internal/engine/diff.go:577.25,578.42 1 1
github.com/hlop3z/astroladb/internal/engine/diff.go:579.23,580.38 1 1
github.com/hlop3z/astroladb/internal/engine/diff.go:581.23,582.38 1 1
github.com/hlop3z/astroladb/internal/engine/diff.go:583.24,584.40 1 1
github.com/hlop3z/astroladb/internal/engine/diff.go:585.25,586.42 1 1
github.com/hlop3z/astroladb/internal/engine/diff.go:587.25,588.44 1 1
github.com/hlop3z/astroladb/internal/engine/diff.go:589.23,590.40 1 1
github.com/hlop3z/astroladb/internal/engine/diff.go:591.27,592.30 1 0
github.com/hlop3z/astroladb/internal/engine/diff.go:593.28,594.32 1 0
github.com/hlop3z/astroladb/internal/engine/diff.go:595.22,596.36 1 1
github.com/hlop3z/astroladb/internal/engine/diff.go:597.23,598.38 1 1
github.com/hlop3z/astroladb/internal/engine/diff.go:599.20,600.30 1 1
github.com/hlop3z/astroladb/internal/engine/diff.go:605.2,614.29 4 1
github.com/hlop3z/astroladb/internal/engine/diff.go:614.29,616.3 1 0
github.com/hlop3z/astroladb/internal/engine/diff.go:619.2,619.32 1 1
github.com/hlop3z/astroladb/internal/engine/diff.go:619.32,621.3 1 1
github.com/hlop3z/astroladb/internal/engine/diff.go:624.2,624.33 1 1
github.com/hlop3z/astroladb/internal/engine/diff.go:624.33,626.3 1 1
github.com/hlop3z/astroladb/internal/engine/diff.go:629.2,629.33 1 1
github.com/hlop3z/astroladb/internal/engine/diff.go:629.33,631.3 1 1
github.com/hlop3z/astroladb/internal/engine/diff.go:634.2,634.32 1 1
github.com/hlop3z/astroladb/internal/engine/diff.go:634.32,636.3 1 1
github.com/hlop3z/astroladb/internal/engine/diff.go:639.2,639.34 1 1
github.com/hlop3z/astroladb/internal/engine/diff.go:639.34,641.3 1 1
github.com/hlop3z/astroladb/internal/engine/diff.go:644.2,644.32 1 1
github.com/hlop3z/astroladb/internal/engine/diff.go:644.32,646.3 1 1
github.com/hlop3z/astroladb/internal/engine/diff.go:649.2,649.34 1 1
github.com/hlop3z/astroladb/internal/engine/diff.go:649.34,651.3 1 1
github.com/hlop3z/astroladb/internal/engine/diff.go:654.2,654.35 1 1
github.com/hlop3z/astroladb/internal/engine/diff.go:654.35,656.3 1 1
github.com/hlop3z/astroladb/internal/engine/diff.go:659.2,659.31 1 1
github.com/hlop3z/astroladb/internal/engine/diff.go:659.31,661.3 1 1
github.com/hlop3z/astroladb/internal/engine/diff.go:664.2,664.28 1 1
github.com/hlop3z/astroladb/internal/engine/diff.go:664.28,666.3 1 0
github.com/hlop3z/astroladb/internal/engine/diff.go:669.2,669.28 1 1
github.com/hlop3z/astroladb/internal/engine/diff.go:669.28,671.3 1 1
github.com/hlop3z/astroladb/internal/engine/diff.go:673.2,673.15 1 1
github.com/hlop3z/astroladb/internal/engine/diff.go:677.94,678.19 1 1
github.com/hlop3z/astroladb/internal/engine/diff.go:678.19,680.3 1 1
github.com/hlop3z/astroladb/internal/engine/diff.go:683.2,684.25 2 1
github.com/hlop3z/astroladb/internal/engine/diff.go:684.25,690.3 1 1
github.com/hlop3z/astroladb/internal/engine/diff.go:693.2,694.16 2 1
github.com/hlop3z/astroladb/internal/engine/diff.go:694.16,700.3 2 0
github.com/hlop3z/astroladb/internal/engine/diff.go:703.2,704.30 2 1
github.com/hlop3z/astroladb/internal/engine/diff.go:704.30,706.3 1 1
github.com/hlop3z/astroladb/internal/engine/diff.go:707.2,707.15 1 1
github.com/hlop3z/astroladb/internal/engine/diff.go:717.55,717.73 1 1
github.com/hlop3z/astroladb/internal/engine/diff.go:718.55,718.72 1 1
github.com/hlop3z/astroladb/internal/engine/diff.go:721.79,725.33 3 1
github.com/hlop3z/astroladb/internal/engine/diff.go:725.33,726.27 1 1
github.com/hlop3z/astroladb/internal/engine/diff.go:726.27,727.12 1 1
github.com/hlop3z/astroladb/internal/engine/diff.go:730.3,733.37 3 1
github.com/hlop3z/astroladb/internal/engine/diff.go:733.37,735.4 1 1
github.com/hlop3z/astroladb/internal/engine/diff.go:737.3,738.50 2 1
github.com/hlop3z/astroladb/internal/engine/diff.go:738.50,741.4 2 1
github.com/hlop3z/astroladb/internal/engine/diff.go:744.2,745.13 2 1
github.com/hlop3z/astroladb/internal/engine/diff.go:749.72,752.38 1 1
github.com/hlop3z/astroladb/internal/engine/diff.go:752.38,754.3 1 1
github.com/hlop3z/astroladb/internal/engine/diff.go:755.2,755.12 1 1
github.com/hlop3z/astroladb/internal/engine/diff.go:759.69,760.37 1 1
github.com/hlop3z/astroladb/internal/engine/diff.go:760.37,761.20 1 1
github.com/hlop3z/astroladb/internal/engine/diff.go:761.20,762.14 1 1
github.com/hlop3z/astroladb/internal/engine/diff.go:762.14,765.5 1 1
github.com/hlop3z/astroladb/internal/engine/diff.go:766.4,766.36 1 1
github.com/hlop3z/astroladb/internal/engine/diff.go:770.2,770.23 1 1
github.com/hlop3z/astroladb/internal/engine/diff.go:774.67,775.26 1 1
github.com/hlop3z/astroladb/internal/engine/diff.go:775.26,777.3 1 1
github.com/hlop3z/astroladb/internal/engine/diff.go:778.2,778.22 1 1
github.com/hlop3z/astroladb/internal/engine/diff.go:782.69,785.36 2 1
github.com/hlop3z/astroladb/internal/engine/diff.go:785.36,786.27 1 1
github.com/hlop3z/astroladb/internal/engine/diff.go:786.27,787.12 1 1
github.com/hlop3z/astroladb/internal/engine/diff.go:790.3,797.5 1 1
github.com/hlop3z/astroladb/internal/engine/diff.go:800.2,800.12 1 1
github.com/hlop3z/astroladb/internal/engine/diff.go:820.49,823.25 2 1
github.com/hlop3z/astroladb/internal/engine/diff.go:823.25,824.20 1 1
github.com/hlop3z/astroladb/internal/engine/diff.go:825.26,826.22 1 1
github.com/hlop3z/astroladb/internal/engine/diff.go:827.24,828.20 1 1
github.com/hlop3z/astroladb/internal/engine/diff.go:829.24,830.20 1 1
github.com/hlop3z/astroladb/internal/engine/diff.go:831.25,832.21 1 1
github.com/hlop3z/astroladb/internal/engine/diff.go:833.26,834.22 1 1
github.com/hlop3z/astroladb/internal/engine/diff.go:835.26,836.20 1 1
github.com/hlop3z/astroladb/internal/engine/diff.go:837.24,838.21 1 1
github.com/hlop3z/astroladb/internal/engine/diff.go:839.28,840.16 1 1
github.com/hlop3z/astroladb/internal/engine/diff.go:841.29,842.17 1 1
github.com/hlop3z/astroladb/internal/engine/diff.go:843.23,844.19 1 1
github.com/hlop3z/astroladb/internal/engine/diff.go:845.24,846.20 1 1
github.com/hlop3z/astroladb/internal/engine/diff.go:850.2,850.10 1 1
github.com/hlop3z/astroladb/internal/engine/diff.go:854.43,856.2 1 1
github.com/hlop3z/astroladb/internal/engine/eval.go:28.59,29.16 1 0
github.com/hlop3z/astroladb/internal/engine/eval.go:29.16,31.3 1 0
github.com/hlop3z/astroladb/internal/engine/eval.go:32.2,35.3 1 0
github.com/hlop3z/astroladb/internal/engine/eval.go:42.66,45.16 2 0
github.com/hlop3z/astroladb/internal/engine/eval.go:45.16,47.3 1 0
github.com/hlop3z/astroladb/internal/engine/eval.go:50.2,51.16 2 0
github.com/hlop3z/astroladb/internal/engine/eval.go:51.16,54.3 1 0
github.com/hlop3z/astroladb/internal/engine/eval.go:56.2,56.22 1 0
github.com/hlop3z/astroladb/internal/engine/eval.go:61.96,64.16 2 0
github.com/hlop3z/astroladb/internal/engine/eval.go:64.16,67.3 1 0
github.com/hlop3z/astroladb/internal/engine/eval.go:69.2,69.22 1 0
github.com/hlop3z/astroladb/internal/engine/eval.go:74.88,76.16 2 0
github.com/hlop3z/astroladb/internal/engine/eval.go:76.16,79.3 1 0
github.com/hlop3z/astroladb/internal/engine/eval.go:80.2,80.22 1 0
github.com/hlop3z/astroladb/internal/engine/eval.go:95.66,101.16 3 0
github.com/hlop3z/astroladb/internal/engine/eval.go:101.16,102.25 1 0
github.com/hlop3z/astroladb/internal/engine/eval.go:102.25,105.4 1 0
github.com/hlop3z/astroladb/internal/engine/eval.go:106.3,107.21 1 0
github.com/hlop3z/astroladb/internal/engine/eval.go:109.2,109.19 1 0
github.com/hlop3z/astroladb/internal/engine/eval.go:109.19,112.3 1 0
github.com/hlop3z/astroladb/internal/engine/eval.go:114.2,118.80 3 0
github.com/hlop3z/astroladb/internal/engine/eval.go:118.80,119.17 1 0
github.com/hlop3z/astroladb/internal/engine/eval.go:119.17,121.4 1 0
github.com/hlop3z/astroladb/internal/engine/eval.go:124.3,124.19 1 0
github.com/hlop3z/astroladb/internal/engine/eval.go:124.19,126.4 1 0
github.com/hlop3z/astroladb/internal/engine/eval.go:129.3,129.45 1 0
github.com/hlop3z/astroladb/internal/engine/eval.go:129.45,131.4 1 0
github.com/hlop3z/astroladb/internal/engine/eval.go:134.3,135.17 2 0
github.com/hlop3z/astroladb/internal/engine/eval.go:135.17,138.4 2 0
github.com/hlop3z/astroladb/internal/engine/eval.go:140.3,141.13 2 0
github.com/hlop3z/astroladb/internal/engine/eval.go:144.2,144.16 1 0
github.com/hlop3z/astroladb/internal/engine/eval.go:144.16,147.3 1 0
github.com/hlop3z/astroladb/internal/engine/eval.go:150.2,150.25 1 0
github.com/hlop3z/astroladb/internal/engine/eval.go:150.25,153.32 2 0
github.com/hlop3z/astroladb/internal/engine/eval.go:153.32,155.4 1 0
github.com/hlop3z/astroladb/internal/engine/eval.go:156.3,159.38 1 0
github.com/hlop3z/astroladb/internal/engine/eval.go:163.2,163.41 1 0
github.com/hlop3z/astroladb/internal/engine/eval.go:163.41,165.3 1 0
github.com/hlop3z/astroladb/internal/engine/eval.go:167.2,167.20 1 0
github.com/hlop3z/astroladb/internal/engine/eval.go:172.72,177.16 3 0
github.com/hlop3z/astroladb/internal/engine/eval.go:177.16,178.25 1 0
github.com/hlop3z/astroladb/internal/engine/eval.go:178.25,181.4 1 0
github.com/hlop3z/astroladb/internal/engine/eval.go:182.3,183.21 1 0
github.com/hlop3z/astroladb/internal/engine/eval.go:185.2,185.19 1 0
github.com/hlop3z/astroladb/internal/engine/eval.go:185.19,188.3 1 0
github.com/hlop3z/astroladb/internal/engine/eval.go:190.2,192.80 2 0
github.com/hlop3z/astroladb/internal/engine/eval.go:192.80,193.17 1 0
github.com/hlop3z/astroladb/internal/engine/eval.go:193.17,195.4 1 0
github.com/hlop3z/astroladb/internal/engine/eval.go:197.3,197.19 1 0
github.com/hlop3z/astroladb/internal/engine/eval.go:197.19,199.4 1 0
github.com/hlop3z/astroladb/internal/engine/eval.go:201.3,201.45 1 0
github.com/hlop3z/astroladb/internal/engine/eval.go:201.45,203.4 1 0
github.com/hlop3z/astroladb/internal/engine/eval.go:205.3,206.17 2 0
github.com/hlop3z/astroladb/internal/engine/eval.go:206.17,208.4 1 0
github.com/hlop3z/astroladb/internal/engine/eval.go:210.3,211.13 2 0
github.com/hlop3z/astroladb/internal/engine/eval.go:214.2,214.16 1 0
github.com/hlop3z/astroladb/internal/engine/eval.go:214.16,216.3 1 0
github.com/hlop3z/astroladb/internal/engine/eval.go:218.2,218.41 1 0
github.com/hlop3z/astroladb/internal/engine/eval.go:218.41,220.3 1 0
github.com/hlop3z/astroladb/internal/engine/eval.go:222.2,222.20 1 0
github.com/hlop3z/astroladb/internal/engine/eval.go:226.56,228.2 1 0
github.com/hlop3z/astroladb/internal/engine/eval.go:232.51,234.2 1 0
github.com/hlop3z/astroladb/internal/engine/eval.go:238.53,240.2 1 0
github.com/hlop3z/astroladb/internal/engine/eval.go:243.59,245.2 1 0
github.com/hlop3z/astroladb/internal/engine/eval.go:248.63,250.2 1 0
github.com/hlop3z/astroladb/internal/engine/eval.go:254.74,260.41 3 0
github.com/hlop3z/astroladb/internal/engine/eval.go:260.41,263.3 1 0
github.com/hlop3z/astroladb/internal/engine/eval.go:264.2,271.61 4 0
github.com/hlop3z/astroladb/internal/engine/eval.go:271.61,275.3 1 0
github.com/hlop3z/astroladb/internal/engine/eval.go:277.2,277.21 1 0
github.com/hlop3z/astroladb/internal/engine/eval.go:277.21,280.3 1 0
github.com/hlop3z/astroladb/internal/engine/eval.go:282.2,282.34 1 0
github.com/hlop3z/astroladb/internal/engine/eval.go:287.60,290.27 2 0
github.com/hlop3z/astroladb/internal/engine/eval.go:290.27,292.16 2 0
github.com/hlop3z/astroladb/internal/engine/eval.go:292.16,295.4 1 0
github.com/hlop3z/astroladb/internal/engine/eval.go:296.3,296.19 1 0
github.com/hlop3z/astroladb/internal/engine/eval.go:300.2,300.27 1 0
github.com/hlop3z/astroladb/internal/engine/eval.go:300.27,301.45 1 0
github.com/hlop3z/astroladb/internal/engine/eval.go:301.45,303.4 1 0
github.com/hlop3z/astroladb/internal/engine/eval.go:306.2,306.12 1 0
github.com/hlop3z/astroladb/internal/engine/eval.go:310.46,311.18 1 1
github.com/hlop3z/astroladb/internal/engine/eval.go:311.18,313.3 1 0
github.com/hlop3z/astroladb/internal/engine/eval.go:315.2,315.25 1 1
github.com/hlop3z/astroladb/internal/engine/eval.go:315.25,318.3 1 0
github.com/hlop3z/astroladb/internal/engine/eval.go:321.2,322.32 2 1
github.com/hlop3z/astroladb/internal/engine/eval.go:322.32,323.21 1 1
github.com/hlop3z/astroladb/internal/engine/eval.go:323.21,326.4 1 0
github.com/hlop3z/astroladb/internal/engine/eval.go:327.3,327.24 1 1
github.com/hlop3z/astroladb/internal/engine/eval.go:327.24,331.4 1 0
github.com/hlop3z/astroladb/internal/engine/eval.go:332.3,332.27 1 1
github.com/hlop3z/astroladb/internal/engine/eval.go:335.2,335.12 1 1
github.com/hlop3z/astroladb/internal/engine/lint.go:59.52,62.25 2 1
github.com/hlop3z/astroladb/internal/engine/lint.go:62.25,63.20 1 1
github.com/hlop3z/astroladb/internal/engine/lint.go:64.24,70.6 1 1
github.com/hlop3z/astroladb/internal/engine/lint.go:71.25,79.6 2 1
github.com/hlop3z/astroladb/internal/engine/lint.go:80.24,82.156 2 1
github.com/hlop3z/astroladb/internal/engine/lint.go:82.156,90.5 1 1
github.com/hlop3z/astroladb/internal/engine/lint.go:92.4,92.24 1 1
github.com/hlop3z/astroladb/internal/engine/lint.go:92.24,93.69 1 1
github.com/hlop3z/astroladb/internal/engine/lint.go:93.69,95.6 1 1
github.com/hlop3z/astroladb/internal/engine/lint.go:97.26,100.56 2 1
github.com/hlop3z/astroladb/internal/engine/lint.go:100.56,102.5 1 1
github.com/hlop3z/astroladb/internal/engine/lint.go:103.4,103.35 1 1
github.com/hlop3z/astroladb/internal/engine/lint.go:103.35,104.63 1 1
github.com/hlop3z/astroladb/internal/engine/lint.go:104.63,106.6 1 1
github.com/hlop3z/astroladb/internal/engine/lint.go:111.2,111.17 1 1
github.com/hlop3z/astroladb/internal/engine/lint.go:115.53,116.45 1 1
github.com/hlop3z/astroladb/internal/engine/lint.go:116.45,123.18 2 1
github.com/hlop3z/astroladb/internal/engine/lint.go:123.18,125.4 1 1
github.com/hlop3z/astroladb/internal/engine/lint.go:125.9,127.4 1 1
github.com/hlop3z/astroladb/internal/engine/lint.go:128.3,128.11 1 1
github.com/hlop3z/astroladb/internal/engine/lint.go:130.2,130.12 1 1
github.com/hlop3z/astroladb/internal/engine/lint.go:134.48,135.24 1 1
github.com/hlop3z/astroladb/internal/engine/lint.go:135.24,137.3 1 1
github.com/hlop3z/astroladb/internal/engine/lint.go:139.2,142.29 3 1
github.com/hlop3z/astroladb/internal/engine/lint.go:142.29,144.3 1 1
github.com/hlop3z/astroladb/internal/engine/lint.go:146.2,147.15 2 1
github.com/hlop3z/astroladb/internal/engine/merge.go:18.26,22.2 1 1
github.com/hlop3z/astroladb/internal/engine/merge.go:25.64,27.40 2 1
github.com/hlop3z/astroladb/internal/engine/merge.go:27.40,29.3 1 1
github.com/hlop3z/astroladb/internal/engine/merge.go:30.2,30.15 1 1
github.com/hlop3z/astroladb/internal/engine/merge.go:34.62,36.34 2 0
github.com/hlop3z/astroladb/internal/engine/merge.go:36.34,38.3 1 0
github.com/hlop3z/astroladb/internal/engine/merge.go:39.2,39.10 1 0
github.com/hlop3z/astroladb/internal/engine/merge.go:44.54,45.27 1 1
github.com/hlop3z/astroladb/internal/engine/merge.go:45.27,46.39 1 1
github.com/hlop3z/astroladb/internal/engine/merge.go:46.39,48.4 1 1
github.com/hlop3z/astroladb/internal/engine/merge.go:50.2,50.12 1 1
github.com/hlop3z/astroladb/internal/engine/merge.go:55.57,56.27 1 1
github.com/hlop3z/astroladb/internal/engine/merge.go:56.27,58.3 1 1
github.com/hlop3z/astroladb/internal/engine/merge.go:63.50,64.14 1 1
github.com/hlop3z/astroladb/internal/engine/merge.go:64.14,66.3 1 1
github.com/hlop3z/astroladb/internal/engine/merge.go:68.2,69.40 2 1
github.com/hlop3z/astroladb/internal/engine/merge.go:69.40,72.3 1 1
github.com/hlop3z/astroladb/internal/engine/merge.go:74.2,75.12 2 1
github.com/hlop3z/astroladb/internal/engine/merge.go:79.71,82.2 2 1
github.com/hlop3z/astroladb/internal/engine/merge.go:85.80,89.2 3 1
github.com/hlop3z/astroladb/internal/engine/merge.go:92.52,94.2 1 1
github.com/hlop3z/astroladb/internal/engine/merge.go:97.40,99.29 2 1
github.com/hlop3z/astroladb/internal/engine/merge.go:99.29,101.3 1 1
github.com/hlop3z/astroladb/internal/engine/merge.go:102.2,103.14 2 1
github.com/hlop3z/astroladb/internal/engine/merge.go:107.46,109.29 2 1
github.com/hlop3z/astroladb/internal/engine/merge.go:109.29,111.3 1 1
github.com/hlop3z/astroladb/internal/engine/merge.go:112.2,112.41 1 1
github.com/hlop3z/astroladb/internal/engine/merge.go:112.41,114.3 1 1
github.com/hlop3z/astroladb/internal/engine/merge.go:115.2,115.15 1 1
github.com/hlop3z/astroladb/internal/engine/merge.go:119.40,121.29 2 1
github.com/hlop3z/astroladb/internal/engine/merge.go:121.29,123.3 1 1
github.com/hlop3z/astroladb/internal/engine/merge.go:125.2,126.24 2 1
github.com/hlop3z/astroladb/internal/engine/merge.go:126.24,128.3 1 1
github.com/hlop3z/astroladb/internal/engine/merge.go:129.2,130.19 2 1
github.com/hlop3z/astroladb/internal/engine/merge.go:134.70,136.29 2 1
github.com/hlop3z/astroladb/internal/engine/merge.go:136.29,137.31 1 1
github.com/hlop3z/astroladb/internal/engine/merge.go:137.31,139.4 1 1
github.com/hlop3z/astroladb/internal/engine/merge.go:141.2,141.41 1 1
github.com/hlop3z/astroladb/internal/engine/merge.go:141.41,143.3 1 1
github.com/hlop3z/astroladb/internal/engine/merge.go:144.2,144.15 1 1
github.com/hlop3z/astroladb/internal/engine/merge.go:148.30,150.2 1 1
github.com/hlop3z/astroladb/internal/engine/merge.go:153.33,155.2 1 1
github.com/hlop3z/astroladb/internal/engine/merge.go:158.34,160.29 2 1
github.com/hlop3z/astroladb/internal/engine/merge.go:160.29,166.3 2 1
github.com/hlop3z/astroladb/internal/engine/merge.go:167.2,167.14 1 1
github.com/hlop3z/astroladb/internal/engine/merge.go:176.35,178.29 1 1
github.com/hlop3z/astroladb/internal/engine/merge.go:178.29,179.45 1 1
github.com/hlop3z/astroladb/internal/engine/merge.go:179.45,181.4 1 0
github.com/hlop3z/astroladb/internal/engine/merge.go:185.2,185.47 1 1
github.com/hlop3z/astroladb/internal/engine/merge.go:185.47,187.3 1 1
github.com/hlop3z/astroladb/internal/engine/merge.go:190.2,190.41 1 1
github.com/hlop3z/astroladb/internal/engine/merge.go:190.41,192.3 1 1
github.com/hlop3z/astroladb/internal/engine/merge.go:194.2,194.12 1 1
github.com/hlop3z/astroladb/internal/engine/merge.go:198.45,199.33 1 1
github.com/hlop3z/astroladb/internal/engine/merge.go:199.33,200.37 1 1
github.com/hlop3z/astroladb/internal/engine/merge.go:200.37,201.28 1 1
github.com/hlop3z/astroladb/internal/engine/merge.go:201.28,202.13 1 1
github.com/hlop3z/astroladb/internal/engine/merge.go:205.4,208.18 3 1
github.com/hlop3z/astroladb/internal/engine/merge.go:208.18,213.5 1 1
github.com/hlop3z/astroladb/internal/engine/merge.go:216.4,218.60 3 1
github.com/hlop3z/astroladb/internal/engine/merge.go:218.60,224.5 1 1
github.com/hlop3z/astroladb/internal/engine/merge.go:227.2,227.12 1 1
github.com/hlop3z/astroladb/internal/engine/merge.go:231.74,236.14 2 1
github.com/hlop3z/astroladb/internal/engine/merge.go:236.14,238.47 2 1
github.com/hlop3z/astroladb/internal/engine/merge.go:238.47,240.4 1 1
github.com/hlop3z/astroladb/internal/engine/merge.go:241.3,242.20 1 1
github.com/hlop3z/astroladb/internal/engine/merge.go:246.2,246.21 1 1
github.com/hlop3z/astroladb/internal/engine/merge.go:246.21,248.47 2 1
github.com/hlop3z/astroladb/internal/engine/merge.go:248.47,250.4 1 1
github.com/hlop3z/astroladb/internal/engine/merge.go:253.2,255.32 1 1
github.com/hlop3z/astroladb/internal/engine/merge.go:260.39,263.33 2 1
github.com/hlop3z/astroladb/internal/engine/merge.go:263.33,266.3 2 1
github.com/hlop3z/astroladb/internal/engine/merge.go:269.2,273.34 4 1
github.com/hlop3z/astroladb/internal/engine/merge.go:273.34,274.25 1 1
github.com/hlop3z/astroladb/internal/engine/merge.go:274.25,277.28 2 1
github.com/hlop3z/astroladb/internal/engine/merge.go:277.28,278.18 1 1
github.com/hlop3z/astroladb/internal/engine/merge.go:278.18,280.11 2 1
github.com/hlop3z/astroladb/internal/engine/merge.go:283.4,285.29 2 1
github.com/hlop3z/astroladb/internal/engine/merge.go:287.3,287.25 1 1
github.com/hlop3z/astroladb/internal/engine/merge.go:287.25,289.4 1 1
github.com/hlop3z/astroladb/internal/engine/merge.go:291.3,294.34 3 1
github.com/hlop3z/astroladb/internal/engine/merge.go:294.34,295.37 1 1
github.com/hlop3z/astroladb/internal/engine/merge.go:295.37,297.5 1 1
github.com/hlop3z/astroladb/internal/engine/merge.go:300.3,302.13 3 1
github.com/hlop3z/astroladb/internal/engine/merge.go:306.2,306.25 1 1
github.com/hlop3z/astroladb/internal/engine/merge.go:306.25,307.25 1 1
github.com/hlop3z/astroladb/internal/engine/merge.go:307.25,308.38 1 1
github.com/hlop3z/astroladb/internal/engine/merge.go:308.38,310.5 1 1
github.com/hlop3z/astroladb/internal/engine/merge.go:314.2,314.12 1 1
github.com/hlop3z/astroladb/internal/engine/merge.go:318.64,322.36 3 1
github.com/hlop3z/astroladb/internal/engine/merge.go:322.36,323.27 1 1
github.com/hlop3z/astroladb/internal/engine/merge.go:323.27,324.12 1 1
github.com/hlop3z/astroladb/internal/engine/merge.go:327.3,329.17 3 1
github.com/hlop3z/astroladb/internal/engine/merge.go:329.17,330.12 1 0
github.com/hlop3z/astroladb/internal/engine/merge.go:334.3,334.40 1 1
github.com/hlop3z/astroladb/internal/engine/merge.go:334.40,335.12 1 1
github.com/hlop3z/astroladb/internal/engine/merge.go:338.3,338.22 1 1
github.com/hlop3z/astroladb/internal/engine/merge.go:338.22,341.4 2 1
github.com/hlop3z/astroladb/internal/engine/merge.go:344.2,345.13 2 1
github.com/hlop3z/astroladb/internal/engine/merge.go:350.62,353.33 2 1
github.com/hlop3z/astroladb/internal/engine/merge.go:353.33,359.3 1 1
github.com/hlop3z/astroladb/internal/engine/merge.go:362.2,363.16 2 1
github.com/hlop3z/astroladb/internal/engine/merge.go:363.16,365.3 1 0
github.com/hlop3z/astroladb/internal/engine/merge.go:368.2,369.30 2 1
github.com/hlop3z/astroladb/internal/engine/merge.go:369.30,371.3 1 1
github.com/hlop3z/astroladb/internal/engine/merge.go:372.2,372.20 1 1
github.com/hlop3z/astroladb/internal/engine/merge.go:382.49,382.75 1 1
github.com/hlop3z/astroladb/internal/engine/merge.go:383.49,383.66 1 1
github.com/hlop3z/astroladb/internal/engine/merge.go:387.58,389.16 2 1
github.com/hlop3z/astroladb/internal/engine/merge.go:389.16,391.3 1 0
github.com/hlop3z/astroladb/internal/engine/merge.go:394.2,395.32 2 1
github.com/hlop3z/astroladb/internal/engine/merge.go:395.32,397.3 1 1
github.com/hlop3z/astroladb/internal/engine/merge.go:399.2,399.23 1 1
github.com/hlop3z/astroladb/internal/engine/plan.go:22.36,23.13 1 1
github.com/hlop3z/astroladb/internal/engine/plan.go:23.13,25.3 1 1
github.com/hlop3z/astroladb/internal/engine/plan.go:26.2,26.15 1 1
github.com/hlop3z/astroladb/internal/engine/plan.go:87.31,89.2 1 1
github.com/hlop3z/astroladb/internal/engine/plan.go:106.111,110.28 3 1
github.com/hlop3z/astroladb/internal/engine/plan.go:110.28,113.3 2 1
github.com/hlop3z/astroladb/internal/engine/plan.go:115.2,115.13 1 1
github.com/hlop3z/astroladb/internal/engine/plan.go:116.10,118.64 1 1
github.com/hlop3z/astroladb/internal/engine/plan.go:118.64,120.4 1 1
github.com/hlop3z/astroladb/internal/engine/plan.go:121.3,121.41 1 1
github.com/hlop3z/astroladb/internal/engine/plan.go:122.12,123.40 1 1
github.com/hlop3z/astroladb/internal/engine/plan.go:124.10,125.36 1 0
github.com/hlop3z/astroladb/internal/engine/plan.go:131.81,132.24 1 1
github.com/hlop3z/astroladb/internal/engine/plan.go:132.24,134.10 2 1
github.com/hlop3z/astroladb/internal/engine/plan.go:134.10,135.12 1 1
github.com/hlop3z/astroladb/internal/engine/plan.go:137.3,137.41 1 1
github.com/hlop3z/astroladb/internal/engine/plan.go:137.41,138.12 1 1
github.com/hlop3z/astroladb/internal/engine/plan.go:140.3,140.29 1 1
github.com/hlop3z/astroladb/internal/engine/plan.go:140.29,146.4 1 1
github.com/hlop3z/astroladb/internal/engine/plan.go:148.2,148.12 1 1
github.com/hlop3z/astroladb/internal/engine/plan.go:152.88,161.41 4 1
github.com/hlop3z/astroladb/internal/engine/plan.go:161.41,163.3 1 1
github.com/hlop3z/astroladb/internal/engine/plan.go:165.2,168.27 2 1
github.com/hlop3z/astroladb/internal/engine/plan.go:168.27,169.29 1 1
github.com/hlop3z/astroladb/internal/engine/plan.go:169.29,170.12 1 1
github.com/hlop3z/astroladb/internal/engine/plan.go:174.3,174.33 1 1
github.com/hlop3z/astroladb/internal/engine/plan.go:174.33,175.12 1 0
github.com/hlop3z/astroladb/internal/engine/plan.go:178.3,181.43 2 1
github.com/hlop3z/astroladb/internal/engine/plan.go:181.43,182.9 1 1
github.com/hlop3z/astroladb/internal/engine/plan.go:187.2,187.108 1 1
github.com/hlop3z/astroladb/internal/engine/plan.go:187.108,190.25 2 1
github.com/hlop3z/astroladb/internal/engine/plan.go:190.25,191.28 1 1
github.com/hlop3z/astroladb/internal/engine/plan.go:191.28,193.10 2 0
github.com/hlop3z/astroladb/internal/engine/plan.go:196.3,196.13 1 1
github.com/hlop3z/astroladb/internal/engine/plan.go:196.13,199.4 1 1
github.com/hlop3z/astroladb/internal/engine/plan.go:203.2,203.18 1 1
github.com/hlop3z/astroladb/internal/engine/plan.go:207.90,214.54 2 1
[...]
github.com/hlop3z/astroladb/cmd/alab/cmd_squash.go:147.2,148.57 2 0
github.com/hlop3z/astroladb/cmd/alab/cmd_squash.go:148.57,150.3 1 0
github.com/hlop3z/astroladb/cmd/alab/cmd_squash.go:153.2,153.29 1 0
github.com/hlop3z/astroladb/cmd/alab/cmd_squash.go:153.29,156.45 3 0
github.com/hlop3z/astroladb/cmd/alab/cmd_squash.go:156.45,158.4 1 0
github.com/hlop3z/astroladb/cmd/alab/cmd_squash.go:162.2,163.31 2 0
github.com/hlop3z/astroladb/cmd/alab/cmd_squash.go:163.31,165.80 2 0
github.com/hlop3z/astroladb/cmd/alab/cmd_squash.go:165.80,168.4 1 0
github.com/hlop3z/astroladb/cmd/alab/cmd_squash.go:168.9,170.4 1 0
github.com/hlop3z/astroladb/cmd/alab/cmd_squash.go:174.2,175.86 2 0
github.com/hlop3z/astroladb/cmd/alab/cmd_squash.go:175.86,177.3 1 0
github.com/hlop3z/astroladb/cmd/alab/cmd_squash.go:180.2,182.49 3 0
github.com/hlop3z/astroladb/cmd/alab/cmd_squash.go:182.49,184.3 1 0
github.com/hlop3z/astroladb/cmd/alab/cmd_squash.go:187.2,187.50 1 0
github.com/hlop3z/astroladb/cmd/alab/cmd_squash.go:187.50,192.17 3 0
github.com/hlop3z/astroladb/cmd/alab/cmd_squash.go:192.17,195.4 1 0
github.com/hlop3z/astroladb/cmd/alab/cmd_squash.go:195.9,198.18 2 0
github.com/hlop3z/astroladb/cmd/alab/cmd_squash.go:198.18,200.5 1 0
github.com/hlop3z/astroladb/cmd/alab/cmd_squash.go:205.2,215.27 4 0
github.com/hlop3z/astroladb/cmd/alab/cmd_squash.go:215.27,217.3 1 0
github.com/hlop3z/astroladb/cmd/alab/cmd_squash.go:219.2,221.12 2 0
github.com/hlop3z/astroladb/cmd/alab/cmd_squash.go:225.92,239.28 3 0
github.com/hlop3z/astroladb/cmd/alab/cmd_squash.go:239.28,250.3 1 0
github.com/hlop3z/astroladb/cmd/alab/cmd_squash.go:252.2,253.16 2 0
github.com/hlop3z/astroladb/cmd/alab/cmd_squash.go:253.16,255.3 1 0
github.com/hlop3z/astroladb/cmd/alab/cmd_squash.go:257.2,257.43 1 0
github.com/hlop3z/astroladb/cmd/alab/cmd_status.go:18.33,46.55 4 0
github.com/hlop3z/astroladb/cmd/alab/cmd_status.go:46.55,48.18 2 0
github.com/hlop3z/astroladb/cmd/alab/cmd_status.go:48.18,49.31 1 0
github.com/hlop3z/astroladb/cmd/alab/cmd_status.go:49.31,51.6 1 0
github.com/hlop3z/astroladb/cmd/alab/cmd_status.go:52.5,52.15 1 0
github.com/hlop3z/astroladb/cmd/alab/cmd_status.go:54.4,58.18 3 0
github.com/hlop3z/astroladb/cmd/alab/cmd_status.go:58.18,60.5 1 0
github.com/hlop3z/astroladb/cmd/alab/cmd_status.go:63.4,63.18 1 0
github.com/hlop3z/astroladb/cmd/alab/cmd_status.go:63.18,65.5 1 0
github.com/hlop3z/astroladb/cmd/alab/cmd_status.go:68.4,72.22 3 0
github.com/hlop3z/astroladb/cmd/alab/cmd_status.go:72.22,73.45 1 0
github.com/hlop3z/astroladb/cmd/alab/cmd_status.go:73.45,74.48 1 0
github.com/hlop3z/astroladb/cmd/alab/cmd_status.go:74.48,76.12 2 0
github.com/hlop3z/astroladb/cmd/alab/cmd_status.go:79.5,79.44 1 0
github.com/hlop3z/astroladb/cmd/alab/cmd_status.go:79.44,81.6 1 0
github.com/hlop3z/astroladb/cmd/alab/cmd_status.go:83.4,86.22 2 0
github.com/hlop3z/astroladb/cmd/alab/cmd_status.go:86.22,88.19 2 0
github.com/hlop3z/astroladb/cmd/alab/cmd_status.go:88.19,91.6 2 0
github.com/hlop3z/astroladb/cmd/alab/cmd_status.go:95.4,96.31 2 0
github.com/hlop3z/astroladb/cmd/alab/cmd_status.go:96.31,98.27 2 0
github.com/hlop3z/astroladb/cmd/alab/cmd_status.go:98.27,100.6 1 0
github.com/hlop3z/astroladb/cmd/alab/cmd_status.go:101.5,107.6 1 0
github.com/hlop3z/astroladb/cmd/alab/cmd_status.go:111.4,116.21 4 0
github.com/hlop3z/astroladb/cmd/alab/cmd_status.go:116.21,119.48 3 0
github.com/hlop3z/astroladb/cmd/alab/cmd_status.go:119.48,126.6 6 0
github.com/hlop3z/astroladb/cmd/alab/cmd_status.go:130.4,131.40 2 0
github.com/hlop3z/astroladb/cmd/alab/cmd_status.go:131.40,133.5 1 0
github.com/hlop3z/astroladb/cmd/alab/cmd_status.go:136.4,136.18 1 0
github.com/hlop3z/astroladb/cmd/alab/cmd_status.go:136.18,139.5 2 0
github.com/hlop3z/astroladb/cmd/alab/cmd_status.go:142.4,142.26 1 0
github.com/hlop3z/astroladb/cmd/alab/cmd_status.go:142.26,146.5 3 0
github.com/hlop3z/astroladb/cmd/alab/cmd_status.go:149.4,150.14 2 0
github.com/hlop3z/astroladb/cmd/alab/cmd_status.go:154.2,159.12 5 0
github.com/hlop3z/astroladb/cmd/alab/cmd_status.go:163.67,165.29 2 0
github.com/hlop3z/astroladb/cmd/alab/cmd_status.go:165.29,166.35 1 0
github.com/hlop3z/astroladb/cmd/alab/cmd_status.go:166.35,168.4 1 0
github.com/hlop3z/astroladb/cmd/alab/cmd_status.go:168.9,170.4 1 0
github.com/hlop3z/astroladb/cmd/alab/cmd_status.go:173.2,174.29 2 0
github.com/hlop3z/astroladb/cmd/alab/cmd_status.go:174.29,181.25 2 0
github.com/hlop3z/astroladb/cmd/alab/cmd_status.go:181.25,183.4 1 0
github.com/hlop3z/astroladb/cmd/alab/cmd_status.go:184.3,184.20 1 0
github.com/hlop3z/astroladb/cmd/alab/cmd_status.go:187.2,195.43 4 0
github.com/hlop3z/astroladb/cmd/alab/cmd_status.go:195.43,197.3 1 0
github.com/hlop3z/astroladb/cmd/alab/cmd_status.go:200.2,200.17 1 0
github.com/hlop3z/astroladb/cmd/alab/cmd_status.go:200.17,202.3 1 0
github.com/hlop3z/astroladb/cmd/alab/cmd_status.go:203.2,203.12 1 0
github.com/hlop3z/astroladb/cmd/alab/cmd_status.go:207.63,210.31 2 0
github.com/hlop3z/astroladb/cmd/alab/cmd_status.go:210.31,219.37 3 0
github.com/hlop3z/astroladb/cmd/alab/cmd_status.go:219.37,221.29 2 0
github.com/hlop3z/astroladb/cmd/alab/cmd_status.go:221.29,223.38 2 0
github.com/hlop3z/astroladb/cmd/alab/cmd_status.go:223.38,225.6 1 0
github.com/hlop3z/astroladb/cmd/alab/cmd_status.go:226.5,226.40 1 0
github.com/hlop3z/astroladb/cmd/alab/cmd_status.go:229.4,230.22 2 0
github.com/hlop3z/astroladb/cmd/alab/cmd_status.go:230.22,232.5 1 0
github.com/hlop3z/astroladb/cmd/alab/cmd_status.go:234.4,243.5 1 0
github.com/hlop3z/astroladb/cmd/alab/cmd_status.go:247.3,248.37 2 0
github.com/hlop3z/astroladb/cmd/alab/cmd_status.go:248.37,254.4 1 0
github.com/hlop3z/astroladb/cmd/alab/cmd_status.go:257.3,258.40 2 0
github.com/hlop3z/astroladb/cmd/alab/cmd_status.go:258.40,261.27 3 0
github.com/hlop3z/astroladb/cmd/alab/cmd_status.go:261.27,263.5 1 0
github.com/hlop3z/astroladb/cmd/alab/cmd_status.go:264.4,264.30 1 0
github.com/hlop3z/astroladb/cmd/alab/cmd_status.go:264.30,266.5 1 0
github.com/hlop3z/astroladb/cmd/alab/cmd_status.go:267.4,274.6 1 0
github.com/hlop3z/astroladb/cmd/alab/cmd_status.go:278.3,278.37 1 0
github.com/hlop3z/astroladb/cmd/alab/cmd_status.go:278.37,279.28 1 0
github.com/hlop3z/astroladb/cmd/alab/cmd_status.go:279.28,281.24 2 0
github.com/hlop3z/astroladb/cmd/alab/cmd_status.go:281.24,283.6 1 0
github.com/hlop3z/astroladb/cmd/alab/cmd_status.go:284.5,291.7 1 0
github.com/hlop3z/astroladb/cmd/alab/cmd_status.go:294.3,296.16 2 0
github.com/hlop3z/astroladb/cmd/alab/cmd_status.go:299.2,299.15 1 0
github.com/hlop3z/astroladb/cmd/alab/cmd_status.go:303.69,307.45 2 0
github.com/hlop3z/astroladb/cmd/alab/cmd_status.go:307.45,313.3 1 0
github.com/hlop3z/astroladb/cmd/alab/cmd_status.go:316.2,316.43 1 0
github.com/hlop3z/astroladb/cmd/alab/cmd_status.go:316.43,317.29 1 0
github.com/hlop3z/astroladb/cmd/alab/cmd_status.go:317.29,318.12 1 0
github.com/hlop3z/astroladb/cmd/alab/cmd_status.go:320.3,324.5 1 0
github.com/hlop3z/astroladb/cmd/alab/cmd_status.go:328.2,328.49 1 0
github.com/hlop3z/astroladb/cmd/alab/cmd_status.go:328.49,329.33 1 0
github.com/hlop3z/astroladb/cmd/alab/cmd_status.go:329.33,330.12 1 0
github.com/hlop3z/astroladb/cmd/alab/cmd_status.go:333.3,333.43 1 0
github.com/hlop3z/astroladb/cmd/alab/cmd_status.go:333.43,339.4 1 0
github.com/hlop3z/astroladb/cmd/alab/cmd_status.go:341.3,341.41 1 0
github.com/hlop3z/astroladb/cmd/alab/cmd_status.go:341.41,347.4 1 0
github.com/hlop3z/astroladb/cmd/alab/cmd_status.go:349.3,349.44 1 0
github.com/hlop3z/astroladb/cmd/alab/cmd_status.go:349.44,355.4 1 0
github.com/hlop3z/astroladb/cmd/alab/cmd_status.go:357.3,357.43 1 0
github.com/hlop3z/astroladb/cmd/alab/cmd_status.go:357.43,363.4 1 0
github.com/hlop3z/astroladb/cmd/alab/cmd_status.go:365.3,365.41 1 0
github.com/hlop3z/astroladb/cmd/alab/cmd_status.go:365.41,371.4 1 0
github.com/hlop3z/astroladb/cmd/alab/cmd_status.go:374.2,374.14 1 0
github.com/hlop3z/astroladb/cmd/alab/cmd_status.go:378.40,379.45 1 0
github.com/hlop3z/astroladb/cmd/alab/cmd_status.go:379.45,380.64 1 0
github.com/hlop3z/astroladb/cmd/alab/cmd_status.go:380.64,382.4 1 0
github.com/hlop3z/astroladb/cmd/alab/cmd_status.go:385.2,385.14 1 0
github.com/hlop3z/astroladb/cmd/alab/cmd_status.go:389.28,392.16 2 0
github.com/hlop3z/astroladb/cmd/alab/cmd_status.go:392.16,394.3 1 0
github.com/hlop3z/astroladb/cmd/alab/cmd_status.go:395.2,396.52 2 0
github.com/hlop3z/astroladb/cmd/alab/cmd_status.go:396.52,398.3 1 0
github.com/hlop3z/astroladb/cmd/alab/cmd_status.go:399.2,399.11 1 0
github.com/hlop3z/astroladb/cmd/alab/cmd_status.go:403.39,406.2 1 0
github.com/hlop3z/astroladb/cmd/alab/cmd_table.go:16.32,35.55 1 0
github.com/hlop3z/astroladb/cmd/alab/cmd_table.go:35.55,41.23 3 0
github.com/hlop3z/astroladb/cmd/alab/cmd_table.go:41.23,43.5 1 0
github.com/hlop3z/astroladb/cmd/alab/cmd_table.go:44.4,44.23 1 0
github.com/hlop3z/astroladb/cmd/alab/cmd_table.go:44.23,46.5 1 0
github.com/hlop3z/astroladb/cmd/alab/cmd_table.go:49.4,50.18 2 0
github.com/hlop3z/astroladb/cmd/alab/cmd_table.go:50.18,52.5 1 0
github.com/hlop3z/astroladb/cmd/alab/cmd_table.go:55.4,56.61 2 0
github.com/hlop3z/astroladb/cmd/alab/cmd_table.go:56.61,58.5 1 0
github.com/hlop3z/astroladb/cmd/alab/cmd_table.go:61.4,64.49 2 0
github.com/hlop3z/astroladb/cmd/alab/cmd_table.go:64.49,66.5 1 0
github.com/hlop3z/astroladb/cmd/alab/cmd_table.go:69.4,70.18 2 0
github.com/hlop3z/astroladb/cmd/alab/cmd_table.go:70.18,72.5 1 0
github.com/hlop3z/astroladb/cmd/alab/cmd_table.go:75.4,75.78 1 0
github.com/hlop3z/astroladb/cmd/alab/cmd_table.go:75.78,77.5 1 0
github.com/hlop3z/astroladb/cmd/alab/cmd_table.go:80.4,90.14 6 0
github.com/hlop3z/astroladb/cmd/alab/cmd_table.go:94.2,95.12 2 0
github.com/hlop3z/astroladb/cmd/alab/cmd_table.go:99.71,102.16 3 0
github.com/hlop3z/astroladb/cmd/alab/cmd_table.go:102.16,104.3 1 0
github.com/hlop3z/astroladb/cmd/alab/cmd_table.go:106.2,114.49 3 0
github.com/hlop3z/astroladb/cmd/alab/cmd_table.go:114.49,116.3 1 0
github.com/hlop3z/astroladb/cmd/alab/cmd_table.go:117.2,117.26 1 0
github.com/hlop3z/astroladb/cmd/alab/cmd_types.go:10.32,34.55 1 0
github.com/hlop3z/astroladb/cmd/alab/cmd_types.go:34.55,35.49 1 0
github.com/hlop3z/astroladb/cmd/alab/cmd_types.go:35.49,37.5 1 0
github.com/hlop3z/astroladb/cmd/alab/cmd_types.go:40.4,50.14 7 0
github.com/hlop3z/astroladb/cmd/alab/cmd_types.go:54.2,55.12 2 0
github.com/hlop3z/astroladb/cmd/alab/config.go:27.36,34.54 2 1
github.com/hlop3z/astroladb/cmd/alab/config.go:34.54,35.51 1 1
github.com/hlop3z/astroladb/cmd/alab/config.go:35.51,37.4 1 0
github.com/hlop3z/astroladb/cmd/alab/config.go:39.3,39.53 1 1
github.com/hlop3z/astroladb/cmd/alab/config.go:43.2,43.76 1 1
github.com/hlop3z/astroladb/cmd/alab/config.go:43.76,45.3 1 0
github.com/hlop3z/astroladb/cmd/alab/config.go:46.2,46.67 1 1
github.com/hlop3z/astroladb/cmd/alab/config.go:46.67,48.3 1 0
github.com/hlop3z/astroladb/cmd/alab/config.go:49.2,49.76 1 1
github.com/hlop3z/astroladb/cmd/alab/config.go:49.76,51.3 1 0
github.com/hlop3z/astroladb/cmd/alab/config.go:54.2,54.23 1 1
github.com/hlop3z/astroladb/cmd/alab/config.go:54.23,56.3 1 0
github.com/hlop3z/astroladb/cmd/alab/config.go:58.2,58.17 1 1
github.com/hlop3z/astroladb/cmd/alab/config.go:62.37,64.2 1 1
github.com/hlop3z/astroladb/cmd/alab/config.go:68.45,70.16 2 1
github.com/hlop3z/astroladb/cmd/alab/config.go:70.16,72.3 1 0
github.com/hlop3z/astroladb/cmd/alab/config.go:74.2,74.28 1 1
github.com/hlop3z/astroladb/cmd/alab/config.go:74.28,76.3 1 0
github.com/hlop3z/astroladb/cmd/alab/config.go:78.2,84.32 2 1
github.com/hlop3z/astroladb/cmd/alab/config.go:84.32,86.3 1 1
github.com/hlop3z/astroladb/cmd/alab/config.go:88.2,89.16 2 1
github.com/hlop3z/astroladb/cmd/alab/config.go:89.16,91.3 1 0
github.com/hlop3z/astroladb/cmd/alab/config.go:93.2,93.20 1 1
github.com/hlop3z/astroladb/cmd/alab/config.go:99.55,101.16 2 0
github.com/hlop3z/astroladb/cmd/alab/config.go:101.16,103.3 1 0
github.com/hlop3z/astroladb/cmd/alab/config.go:105.2,111.31 2 0
github.com/hlop3z/astroladb/cmd/alab/embed.go:14.48,16.16 2 0
github.com/hlop3z/astroladb/cmd/alab/embed.go:16.16,18.3 1 0
github.com/hlop3z/astroladb/cmd/alab/embed.go:19.2,19.29 1 0
github.com/hlop3z/astroladb/cmd/alab/embed.go:24.43,26.16 2 0
github.com/hlop3z/astroladb/cmd/alab/embed.go:26.16,27.73 1 0
github.com/hlop3z/astroladb/cmd/alab/embed.go:29.2,29.16 1 0
github.com/hlop3z/astroladb/cmd/alab/errors.go:14.37,16.2 1 0
github.com/hlop3z/astroladb/cmd/alab/errors.go:19.63,30.25 9 0
github.com/hlop3z/astroladb/cmd/alab/errors.go:31.18,32.55 1 0
github.com/hlop3z/astroladb/cmd/alab/errors.go:32.55,35.4 2 0
github.com/hlop3z/astroladb/cmd/alab/errors.go:35.9,35.100 1 0
github.com/hlop3z/astroladb/cmd/alab/errors.go:35.100,38.4 2 0
github.com/hlop3z/astroladb/cmd/alab/errors.go:38.9,38.58 1 0
github.com/hlop3z/astroladb/cmd/alab/errors.go:38.58,41.4 2 0
github.com/hlop3z/astroladb/cmd/alab/errors.go:41.9,41.51 1 0
github.com/hlop3z/astroladb/cmd/alab/errors.go:41.51,43.4 1 0
github.com/hlop3z/astroladb/cmd/alab/errors.go:43.9,47.4 3 0
github.com/hlop3z/astroladb/cmd/alab/errors.go:49.16,50.97 1 0
github.com/hlop3z/astroladb/cmd/alab/errors.go:50.97,53.4 2 0
github.com/hlop3z/astroladb/cmd/alab/errors.go:53.9,53.97 1 0
github.com/hlop3z/astroladb/cmd/alab/errors.go:53.97,55.4 1 0
github.com/hlop3z/astroladb/cmd/alab/errors.go:55.9,59.4 3 0
github.com/hlop3z/astroladb/cmd/alab/errors.go:61.10,64.64 3 0
github.com/hlop3z/astroladb/cmd/alab/errors.go:69.46,84.2 14 0
github.com/hlop3z/astroladb/cmd/alab/errors.go:87.52,99.2 11 0
github.com/hlop3z/astroladb/cmd/alab/errors.go:102.32,117.2 14 0
github.com/hlop3z/astroladb/cmd/alab/errors.go:120.44,130.2 9 0
github.com/hlop3z/astroladb/cmd/alab/errors.go:133.27,148.2 14 0
github.com/hlop3z/astroladb/cmd/alab/errors.go:152.40,153.16 1 0
github.com/hlop3z/astroladb/cmd/alab/errors.go:153.16,155.3 1 0
github.com/hlop3z/astroladb/cmd/alab/errors.go:158.2,158.53 1 0
github.com/hlop3z/astroladb/cmd/alab/errors.go:158.53,161.3 2 0
github.com/hlop3z/astroladb/cmd/alab/errors.go:164.2,165.30 2 0
github.com/hlop3z/astroladb/cmd/alab/errors.go:165.30,168.3 2 0
github.com/hlop3z/astroladb/cmd/alab/errors.go:171.2,172.32 2 0
github.com/hlop3z/astroladb/cmd/alab/errors.go:172.32,180.3 7 0
github.com/hlop3z/astroladb/cmd/alab/errors.go:182.2,182.14 1 0
github.com/hlop3z/astroladb/cmd/alab/help.go:117.41,119.9 2 0
github.com/hlop3z/astroladb/cmd/alab/help.go:119.9,122.3 2 0
github.com/hlop3z/astroladb/cmd/alab/help.go:124.2,127.33 3 0
github.com/hlop3z/astroladb/cmd/alab/help.go:127.33,129.51 1 0
github.com/hlop3z/astroladb/cmd/alab/help.go:129.51,132.21 2 0
github.com/hlop3z/astroladb/cmd/alab/help.go:132.21,134.5 1 0
github.com/hlop3z/astroladb/cmd/alab/help.go:134.10,136.5 1 0
github.com/hlop3z/astroladb/cmd/alab/help.go:137.9,139.4 1 0
github.com/hlop3z/astroladb/cmd/alab/help.go:195.59,199.17 3 0
github.com/hlop3z/astroladb/cmd/alab/help.go:200.18,201.35 1 0
github.com/hlop3z/astroladb/cmd/alab/help.go:202.16,203.33 1 0
github.com/hlop3z/astroladb/cmd/alab/help.go:204.10,209.4 1 0
github.com/hlop3z/astroladb/cmd/alab/help.go:213.2,213.33 1 0
github.com/hlop3z/astroladb/cmd/alab/help.go:213.33,214.58 1 0
github.com/hlop3z/astroladb/cmd/alab/help.go:214.58,216.4 1 0
github.com/hlop3z/astroladb/cmd/alab/help.go:220.2,220.47 1 0
github.com/hlop3z/astroladb/cmd/alab/help.go:220.47,222.3 1 0
github.com/hlop3z/astroladb/cmd/alab/help.go:223.2,223.12 1 0
github.com/hlop3z/astroladb/cmd/alab/help.go:227.43,228.56 1 0
github.com/hlop3z/astroladb/cmd/alab/help.go:228.56,230.3 1 0
github.com/hlop3z/astroladb/cmd/alab/help.go:246.135,247.56 1 0
github.com/hlop3z/astroladb/cmd/alab/help.go:247.56,249.3 1 0
github.com/hlop3z/astroladb/cmd/alab/help.go:253.116,262.40 6 0
github.com/hlop3z/astroladb/cmd/alab/help.go:262.40,264.3 1 0
github.com/hlop3z/astroladb/cmd/alab/help.go:264.8,266.3 1 0
github.com/hlop3z/astroladb/cmd/alab/help.go:267.2,270.20 2 0
github.com/hlop3z/astroladb/cmd/alab/help.go:270.20,276.27 6 0
github.com/hlop3z/astroladb/cmd/alab/help.go:276.27,278.4 1 0
github.com/hlop3z/astroladb/cmd/alab/help.go:279.3,279.23 1 0
github.com/hlop3z/astroladb/cmd/alab/help.go:283.2,283.33 1 0
github.com/hlop3z/astroladb/cmd/alab/help.go:283.33,289.36 6 0
github.com/hlop3z/astroladb/cmd/alab/help.go:289.36,291.4 1 0
github.com/hlop3z/astroladb/cmd/alab/help.go:292.3,292.23 1 0
github.com/hlop3z/astroladb/cmd/alab/help.go:296.2,297.90 2 0
github.com/hlop3z/astroladb/cmd/alab/help.go:301.41,302.21 1 0
github.com/hlop3z/astroladb/cmd/alab/help.go:302.21,304.3 1 0
github.com/hlop3z/astroladb/cmd/alab/help.go:305.2,305.46 1 0
github.com/hlop3z/astroladb/cmd/alab/help.go:309.75,312.40 3 0
github.com/hlop3z/astroladb/cmd/alab/help.go:312.40,313.19 1 0
github.com/hlop3z/astroladb/cmd/alab/help.go:313.19,315.28 2 0
github.com/hlop3z/astroladb/cmd/alab/help.go:315.28,317.5 1 0
github.com/hlop3z/astroladb/cmd/alab/help.go:318.4,318.37 1 0
github.com/hlop3z/astroladb/cmd/alab/help.go:321.2,321.26 1 0
github.com/hlop3z/astroladb/cmd/alab/help.go:325.44,333.21 5 0
github.com/hlop3z/astroladb/cmd/alab/help.go:333.21,336.3 2 0
github.com/hlop3z/astroladb/cmd/alab/help.go:339.2,339.19 1 0
github.com/hlop3z/astroladb/cmd/alab/help.go:339.19,345.3 5 0
github.com/hlop3z/astroladb/cmd/alab/help.go:348.2,348.20 1 0
github.com/hlop3z/astroladb/cmd/alab/help.go:348.20,354.3 5 0
github.com/hlop3z/astroladb/cmd/alab/help.go:357.2,357.34 1 0
github.com/hlop3z/astroladb/cmd/alab/help.go:357.34,359.3 1 0
github.com/hlop3z/astroladb/cmd/alab/help.go:362.2,362.38 1 0
github.com/hlop3z/astroladb/cmd/alab/help.go:362.38,364.3 1 0
github.com/hlop3z/astroladb/cmd/alab/help.go:367.2,367.23 1 0
github.com/hlop3z/astroladb/cmd/alab/help.go:367.23,373.3 5 0
github.com/hlop3z/astroladb/cmd/alab/help.go:375.2,375.73 1 0
github.com/hlop3z/astroladb/cmd/alab/help.go:379.46,381.21 2 0
github.com/hlop3z/astroladb/cmd/alab/help.go:381.21,383.3 1 0
github.com/hlop3z/astroladb/cmd/alab/help.go:385.2,388.29 3 0
github.com/hlop3z/astroladb/cmd/alab/help.go:388.29,389.24 1 0
github.com/hlop3z/astroladb/cmd/alab/help.go:389.24,391.4 1 0
github.com/hlop3z/astroladb/cmd/alab/help.go:391.9,391.51 1 0
github.com/hlop3z/astroladb/cmd/alab/help.go:391.51,393.4 1 0
github.com/hlop3z/astroladb/cmd/alab/help.go:393.9,396.4 2 0
github.com/hlop3z/astroladb/cmd/alab/help.go:399.2,399.23 1 0
github.com/hlop3z/astroladb/cmd/alab/help.go:399.23,401.3 1 0
github.com/hlop3z/astroladb/cmd/alab/help.go:403.2,403.34 1 0
github.com/hlop3z/astroladb/cmd/alab/main.go:42.31,45.15 2 0
github.com/hlop3z/astroladb/cmd/alab/main.go:46.15,47.29 1 0
github.com/hlop3z/astroladb/cmd/alab/main.go:48.14,49.28 1 0
github.com/hlop3z/astroladb/cmd/alab/main.go:50.14,51.28 1 0
github.com/hlop3z/astroladb/cmd/alab/main.go:52.15,53.29 1 0
github.com/hlop3z/astroladb/cmd/alab/main.go:54.10,56.28 1 0
github.com/hlop3z/astroladb/cmd/alab/main.go:57.10,59.28 1 0
github.com/hlop3z/astroladb/cmd/alab/main.go:63.2,69.25 3 0
github.com/hlop3z/astroladb/cmd/alab/main.go:73.37,126.2 3 0
github.com/hlop3z/astroladb/cmd/alab/main.go:128.13,138.61 2 0
github.com/hlop3z/astroladb/cmd/alab/main.go:138.61,141.4 1 0
github.com/hlop3z/astroladb/cmd/alab/main.go:145.2,145.62 1 0
github.com/hlop3z/astroladb/cmd/alab/main.go:145.62,147.3 1 0
github.com/hlop3z/astroladb/cmd/alab/main.go:150.2,174.42 5 0
github.com/hlop3z/astroladb/cmd/alab/main.go:174.42,177.3 2 0
github.com/hlop3z/astroladb/cmd/alab/types.go:21.35,23.55 2 0
github.com/hlop3z/astroladb/cmd/alab/types.go:23.55,25.3 1 0
github.com/hlop3z/astroladb/cmd/alab/types.go:28.2,29.77 2 0
github.com/hlop3z/astroladb/cmd/alab/types.go:29.77,31.3 1 0
github.com/hlop3z/astroladb/cmd/alab/types.go:34.2,43.40 2 0
github.com/hlop3z/astroladb/cmd/alab/types.go:43.40,46.71 3 0
github.com/hlop3z/astroladb/cmd/alab/types.go:46.71,48.4 1 0
github.com/hlop3z/astroladb/cmd/alab/types.go:52.2,53.89 2 0
github.com/hlop3z/astroladb/cmd/alab/types.go:53.89,55.3 1 0
github.com/hlop3z/astroladb/cmd/alab/types.go:57.2,57.12 1 0
